z:\windows_share\oceanopticsprojects\working\seabreezeflamex\seabreeze\flamexintegration\os-support\windows\visualstudio2015\vsproj\x64\debug\vc140.pdb
z:\windows_share\oceanopticsprojects\working\seabreezeflamex\seabreeze\flamexintegration\os-support\windows\visualstudio2015\vsproj\x64\debug\vc140.idb
z:\windows_share\oceanopticsprojects\working\seabreezeflamex\seabreeze\flamexintegration\os-support\windows\visualstudio2015\vsproj\x64\debug\readtecqetemperatureexchange.obj
z:\windows_share\oceanopticsprojects\working\seabreezeflamex\seabreeze\flamexintegration\os-support\windows\visualstudio2015\vsproj\x64\debug\readtectemperatureexchange.obj
z:\windows_share\oceanopticsprojects\working\seabreezeflamex\seabreeze\flamexintegration\os-support\windows\visualstudio2015\vsproj\x64\debug\requestspectrumexchange.obj
z:\windows_share\oceanopticsprojects\working\seabreezeflamex\seabreeze\flamexintegration\os-support\windows\visualstudio2015\vsproj\x64\debug\strobeenableexchange.obj
z:\windows_share\oceanopticsprojects\working\seabreezeflamex\seabreeze\flamexintegration\os-support\windows\visualstudio2015\vsproj\x64\debug\tecenableexchange.obj
z:\windows_share\oceanopticsprojects\working\seabreezeflamex\seabreeze\flamexintegration\os-support\windows\visualstudio2015\vsproj\x64\debug\tecqeenableexchange.obj
z:\windows_share\oceanopticsprojects\working\seabreezeflamex\seabreeze\flamexintegration\os-support\windows\visualstudio2015\vsproj\x64\debug\triggermodeexchange.obj
z:\windows_share\oceanopticsprojects\working\seabreezeflamex\seabreeze\flamexintegration\os-support\windows\visualstudio2015\vsproj\x64\debug\usbfpgaspectrumexchange.obj
z:\windows_share\oceanopticsprojects\working\seabreezeflamex\seabreeze\flamexintegration\os-support\windows\visualstudio2015\vsproj\x64\debug\writeeepromslotexchange.obj
z:\windows_share\oceanopticsprojects\working\seabreezeflamex\seabreeze\flamexintegration\os-support\windows\visualstudio2015\vsproj\x64\debug\writetecqesetpointexchange.obj
z:\windows_share\oceanopticsprojects\working\seabreezeflamex\seabreeze\flamexintegration\os-support\windows\visualstudio2015\vsproj\x64\debug\writetecsetpointexchange.obj
z:\windows_share\oceanopticsprojects\working\seabreezeflamex\seabreeze\flamexintegration\os-support\windows\visualstudio2015\vsproj\x64\debug\controlhint.obj
z:\windows_share\oceanopticsprojects\working\seabreezeflamex\seabreeze\flamexintegration\os-support\windows\visualstudio2015\vsproj\x64\debug\spectrumhint.obj
z:\windows_share\oceanopticsprojects\working\seabreezeflamex\seabreeze\flamexintegration\os-support\windows\visualstudio2015\vsproj\x64\debug\fpgaregisterprotocol.obj
z:\windows_share\oceanopticsprojects\working\seabreezeflamex\seabreeze\flamexintegration\os-support\windows\visualstudio2015\vsproj\x64\debug\ooieepromprotocol.obj
z:\windows_share\oceanopticsprojects\working\seabreezeflamex\seabreeze\flamexintegration\os-support\windows\visualstudio2015\vsproj\x64\debug\ooiirradcalprotocol.obj
z:\windows_share\oceanopticsprojects\working\seabreezeflamex\seabreeze\flamexintegration\os-support\windows\visualstudio2015\vsproj\x64\debug\ooiprotocol.obj
z:\windows_share\oceanopticsprojects\working\seabreezeflamex\seabreeze\flamexintegration\os-support\windows\visualstudio2015\vsproj\x64\debug\ooispectrometerprotocol.obj
z:\windows_share\oceanopticsprojects\working\seabreezeflamex\seabreeze\flamexintegration\os-support\windows\visualstudio2015\vsproj\x64\debug\ooistrobelampprotocol.obj
z:\windows_share\oceanopticsprojects\working\seabreezeflamex\seabreeze\flamexintegration\os-support\windows\visualstudio2015\vsproj\x64\debug\ooitecprotocol.obj
z:\windows_share\oceanopticsprojects\working\seabreezeflamex\seabreeze\flamexintegration\os-support\windows\visualstudio2015\vsproj\x64\debug\obpwavecalprotocol.obj
z:\windows_share\oceanopticsprojects\working\seabreezeflamex\seabreeze\flamexintegration\os-support\windows\visualstudio2015\vsproj\x64\debug\oceanbinaryprotocol.obj
z:\windows_share\oceanopticsprojects\working\seabreezeflamex\seabreeze\flamexintegration\os-support\windows\visualstudio2015\vsproj\x64\debug\fpgaregistercodes.obj
z:\windows_share\oceanopticsprojects\working\seabreezeflamex\seabreeze\flamexintegration\os-support\windows\visualstudio2015\vsproj\x64\debug\opcodes.obj
z:\windows_share\oceanopticsprojects\working\seabreezeflamex\seabreeze\flamexintegration\os-support\windows\visualstudio2015\vsproj\x64\debug\fpgaregisterreadexchange.obj
z:\windows_share\oceanopticsprojects\working\seabreezeflamex\seabreeze\flamexintegration\os-support\windows\visualstudio2015\vsproj\x64\debug\fpgaregisterwriteexchange.obj
z:\windows_share\oceanopticsprojects\working\seabreezeflamex\seabreeze\flamexintegration\os-support\windows\visualstudio2015\vsproj\x64\debug\fpgaspectrumexchange.obj
z:\windows_share\oceanopticsprojects\working\seabreezeflamex\seabreeze\flamexintegration\os-support\windows\visualstudio2015\vsproj\x64\debug\flamenirspectrumexchange.obj
z:\windows_share\oceanopticsprojects\working\seabreezeflamex\seabreeze\flamexintegration\os-support\windows\visualstudio2015\vsproj\x64\debug\hrfpgaspectrumexchange.obj
z:\windows_share\oceanopticsprojects\working\seabreezeflamex\seabreeze\flamexintegration\os-support\windows\visualstudio2015\vsproj\x64\debug\integrationtimeexchange.obj
z:\windows_share\oceanopticsprojects\working\seabreezeflamex\seabreeze\flamexintegration\os-support\windows\visualstudio2015\vsproj\x64\debug\jazspectrumexchange.obj
z:\windows_share\oceanopticsprojects\working\seabreezeflamex\seabreeze\flamexintegration\os-support\windows\visualstudio2015\vsproj\x64\debug\mayaprospectrumexchange.obj
z:\windows_share\oceanopticsprojects\working\seabreezeflamex\seabreeze\flamexintegration\os-support\windows\visualstudio2015\vsproj\x64\debug\nirquestspectrumexchange.obj
z:\windows_share\oceanopticsprojects\working\seabreezeflamex\seabreeze\flamexintegration\os-support\windows\visualstudio2015\vsproj\x64\debug\ooi2kspectrumexchange.obj
z:\windows_share\oceanopticsprojects\working\seabreezeflamex\seabreeze\flamexintegration\os-support\windows\visualstudio2015\vsproj\x64\debug\ooiirradcalexchange.obj
z:\windows_share\oceanopticsprojects\working\seabreezeflamex\seabreeze\flamexintegration\os-support\windows\visualstudio2015\vsproj\x64\debug\ooireadirradcalexchange.obj
z:\windows_share\oceanopticsprojects\working\seabreezeflamex\seabreeze\flamexintegration\os-support\windows\visualstudio2015\vsproj\x64\debug\ooiwriteirradcalexchange.obj
z:\windows_share\oceanopticsprojects\working\seabreezeflamex\seabreeze\flamexintegration\os-support\windows\visualstudio2015\vsproj\x64\debug\qespectrumexchange.obj
z:\windows_share\oceanopticsprojects\working\seabreezeflamex\seabreeze\flamexintegration\os-support\windows\visualstudio2015\vsproj\x64\debug\readeepromslotexchange.obj
z:\windows_share\oceanopticsprojects\working\seabreezeflamex\seabreeze\flamexintegration\os-support\windows\visualstudio2015\vsproj\x64\debug\readspectrumexchange.obj
z:\windows_share\oceanopticsprojects\working\seabreezeflamex\seabreeze\flamexintegration\os-support\windows\visualstudio2015\vsproj\x64\debug\obpacquisitiondelayprotocol.obj
z:\windows_share\oceanopticsprojects\working\seabreezeflamex\seabreeze\flamexintegration\os-support\windows\visualstudio2015\vsproj\x64\debug\obpcontinuousstrobeprotocol.obj
z:\windows_share\oceanopticsprojects\working\seabreezeflamex\seabreeze\flamexintegration\os-support\windows\visualstudio2015\vsproj\x64\debug\obpdatabufferprotocol.obj
z:\windows_share\oceanopticsprojects\working\seabreezeflamex\seabreeze\flamexintegration\os-support\windows\visualstudio2015\vsproj\x64\debug\obpintrospectionprotocol.obj
z:\windows_share\oceanopticsprojects\working\seabreezeflamex\seabreeze\flamexintegration\os-support\windows\visualstudio2015\vsproj\x64\debug\obpirradcalprotocol.obj
z:\windows_share\oceanopticsprojects\working\seabreezeflamex\seabreeze\flamexintegration\os-support\windows\visualstudio2015\vsproj\x64\debug\obplightsourceprotocol.obj
z:\windows_share\oceanopticsprojects\working\seabreezeflamex\seabreeze\flamexintegration\os-support\windows\visualstudio2015\vsproj\x64\debug\obplightsourceprotocol_ventana.obj
z:\windows_share\oceanopticsprojects\working\seabreezeflamex\seabreeze\flamexintegration\os-support\windows\visualstudio2015\vsproj\x64\debug\obpnonlinearitycoeffsprotocol.obj
z:\windows_share\oceanopticsprojects\working\seabreezeflamex\seabreeze\flamexintegration\os-support\windows\visualstudio2015\vsproj\x64\debug\obpopticalbenchprotocol.obj
z:\windows_share\oceanopticsprojects\working\seabreezeflamex\seabreeze\flamexintegration\os-support\windows\visualstudio2015\vsproj\x64\debug\obppixelbinningprotocol.obj
z:\windows_share\oceanopticsprojects\working\seabreezeflamex\seabreeze\flamexintegration\os-support\windows\visualstudio2015\vsproj\x64\debug\obpprogrammablesaturationprotocol.obj
z:\windows_share\oceanopticsprojects\working\seabreezeflamex\seabreeze\flamexintegration\os-support\windows\visualstudio2015\vsproj\x64\debug\obprevisionprotocol.obj
z:\windows_share\oceanopticsprojects\working\seabreezeflamex\seabreeze\flamexintegration\os-support\windows\visualstudio2015\vsproj\x64\debug\obpserialnumberprotocol.obj
z:\windows_share\oceanopticsprojects\working\seabreezeflamex\seabreeze\flamexintegration\os-support\windows\visualstudio2015\vsproj\x64\debug\obpshutterprotocol.obj
z:\windows_share\oceanopticsprojects\working\seabreezeflamex\seabreeze\flamexintegration\os-support\windows\visualstudio2015\vsproj\x64\debug\obpspectrometerprotocol.obj
z:\windows_share\oceanopticsprojects\working\seabreezeflamex\seabreeze\flamexintegration\os-support\windows\visualstudio2015\vsproj\x64\debug\obpspectrumprocessingprotocol.obj
z:\windows_share\oceanopticsprojects\working\seabreezeflamex\seabreeze\flamexintegration\os-support\windows\visualstudio2015\vsproj\x64\debug\obpstraylightcoeffsprotocol.obj
z:\windows_share\oceanopticsprojects\working\seabreezeflamex\seabreeze\flamexintegration\os-support\windows\visualstudio2015\vsproj\x64\debug\obpstrobelampprotocol.obj
z:\windows_share\oceanopticsprojects\working\seabreezeflamex\seabreeze\flamexintegration\os-support\windows\visualstudio2015\vsproj\x64\debug\obptemperatureprotocol.obj
z:\windows_share\oceanopticsprojects\working\seabreezeflamex\seabreeze\flamexintegration\os-support\windows\visualstudio2015\vsproj\x64\debug\obpthermoelectricprotocol.obj
z:\windows_share\oceanopticsprojects\working\seabreezeflamex\seabreeze\flamexintegration\os-support\windows\visualstudio2015\vsproj\x64\debug\obpreadspectrumexchange.obj
z:\windows_share\oceanopticsprojects\working\seabreezeflamex\seabreeze\flamexintegration\os-support\windows\visualstudio2015\vsproj\x64\debug\obpreadspectrumwithgainexchange.obj
z:\windows_share\oceanopticsprojects\working\seabreezeflamex\seabreeze\flamexintegration\os-support\windows\visualstudio2015\vsproj\x64\debug\obprequestbufferedspectrum32andmetadata.obj
z:\windows_share\oceanopticsprojects\working\seabreezeflamex\seabreeze\flamexintegration\os-support\windows\visualstudio2015\vsproj\x64\debug\obprequestrawspectrumexchange.obj
z:\windows_share\oceanopticsprojects\working\seabreezeflamex\seabreeze\flamexintegration\os-support\windows\visualstudio2015\vsproj\x64\debug\obprequestspectrumexchange.obj
z:\windows_share\oceanopticsprojects\working\seabreezeflamex\seabreeze\flamexintegration\os-support\windows\visualstudio2015\vsproj\x64\debug\obpsetacquisitiondelayexchange.obj
z:\windows_share\oceanopticsprojects\working\seabreezeflamex\seabreeze\flamexintegration\os-support\windows\visualstudio2015\vsproj\x64\debug\obpsetboxcarwidthexchange.obj
z:\windows_share\oceanopticsprojects\working\seabreezeflamex\seabreeze\flamexintegration\os-support\windows\visualstudio2015\vsproj\x64\debug\obpsetdatabuffercapacityexchange.obj
z:\windows_share\oceanopticsprojects\working\seabreezeflamex\seabreeze\flamexintegration\os-support\windows\visualstudio2015\vsproj\x64\debug\obpsetdefaultpixelbinningfactorexchange.obj
z:\windows_share\oceanopticsprojects\working\seabreezeflamex\seabreeze\flamexintegration\os-support\windows\visualstudio2015\vsproj\x64\debug\obpsetirradcalexchange.obj
z:\windows_share\oceanopticsprojects\working\seabreezeflamex\seabreeze\flamexintegration\os-support\windows\visualstudio2015\vsproj\x64\debug\obpsetirradcollectionareaexchange.obj
z:\windows_share\oceanopticsprojects\working\seabreezeflamex\seabreeze\flamexintegration\os-support\windows\visualstudio2015\vsproj\x64\debug\obpsetpixelbinningexchange.obj
z:\windows_share\oceanopticsprojects\working\seabreezeflamex\seabreeze\flamexintegration\os-support\windows\visualstudio2015\vsproj\x64\debug\obpsetscanstoaverageexchange.obj
z:\windows_share\oceanopticsprojects\working\seabreezeflamex\seabreeze\flamexintegration\os-support\windows\visualstudio2015\vsproj\x64\debug\obpsetthermoelectricenableexchange.obj
z:\windows_share\oceanopticsprojects\working\seabreezeflamex\seabreeze\flamexintegration\os-support\windows\visualstudio2015\vsproj\x64\debug\obpsetthermoelectricsetpointexchange.obj
z:\windows_share\oceanopticsprojects\working\seabreezeflamex\seabreeze\flamexintegration\os-support\windows\visualstudio2015\vsproj\x64\debug\obpshutterexchange.obj
z:\windows_share\oceanopticsprojects\working\seabreezeflamex\seabreeze\flamexintegration\os-support\windows\visualstudio2015\vsproj\x64\debug\obptransaction.obj
z:\windows_share\oceanopticsprojects\working\seabreezeflamex\seabreeze\flamexintegration\os-support\windows\visualstudio2015\vsproj\x64\debug\obptriggermodeexchange.obj
z:\windows_share\oceanopticsprojects\working\seabreezeflamex\seabreeze\flamexintegration\os-support\windows\visualstudio2015\vsproj\x64\debug\obpcontrolhint.obj
z:\windows_share\oceanopticsprojects\working\seabreezeflamex\seabreeze\flamexintegration\os-support\windows\visualstudio2015\vsproj\x64\debug\obpspectrumhint.obj
z:\windows_share\oceanopticsprojects\working\seabreezeflamex\seabreeze\flamexintegration\os-support\windows\visualstudio2015\vsproj\x64\debug\obpgetscanstoaverageexchange.obj
z:\windows_share\oceanopticsprojects\working\seabreezeflamex\seabreeze\flamexintegration\os-support\windows\visualstudio2015\vsproj\x64\debug\obpgetserialnumberexchange.obj
z:\windows_share\oceanopticsprojects\working\seabreezeflamex\seabreeze\flamexintegration\os-support\windows\visualstudio2015\vsproj\x64\debug\obpgetserialnumbermaximumlengthexchange.obj
z:\windows_share\oceanopticsprojects\working\seabreezeflamex\seabreeze\flamexintegration\os-support\windows\visualstudio2015\vsproj\x64\debug\obpgetstraylightcoeffexchange.obj
z:\windows_share\oceanopticsprojects\working\seabreezeflamex\seabreeze\flamexintegration\os-support\windows\visualstudio2015\vsproj\x64\debug\obpgetstraylightcoeffscountexchange.obj
z:\windows_share\oceanopticsprojects\working\seabreezeflamex\seabreeze\flamexintegration\os-support\windows\visualstudio2015\vsproj\x64\debug\obpgettemperaturecountexchange.obj
z:\windows_share\oceanopticsprojects\working\seabreezeflamex\seabreeze\flamexintegration\os-support\windows\visualstudio2015\vsproj\x64\debug\obpgettemperatureexchange.obj
z:\windows_share\oceanopticsprojects\working\seabreezeflamex\seabreeze\flamexintegration\os-support\windows\visualstudio2015\vsproj\x64\debug\obpgetthermoelectrictemperatureexchange.obj
z:\windows_share\oceanopticsprojects\working\seabreezeflamex\seabreeze\flamexintegration\os-support\windows\visualstudio2015\vsproj\x64\debug\obpgetwavecalexchange.obj
z:\windows_share\oceanopticsprojects\working\seabreezeflamex\seabreeze\flamexintegration\os-support\windows\visualstudio2015\vsproj\x64\debug\obpintegrationtimeexchange.obj
z:\windows_share\oceanopticsprojects\working\seabreezeflamex\seabreeze\flamexintegration\os-support\windows\visualstudio2015\vsproj\x64\debug\obplampenablecommand.obj
z:\windows_share\oceanopticsprojects\working\seabreezeflamex\seabreeze\flamexintegration\os-support\windows\visualstudio2015\vsproj\x64\debug\obplightsourceenablecommand.obj
z:\windows_share\oceanopticsprojects\working\seabreezeflamex\seabreeze\flamexintegration\os-support\windows\visualstudio2015\vsproj\x64\debug\obplightsourceenabledquery.obj
z:\windows_share\oceanopticsprojects\working\seabreezeflamex\seabreeze\flamexintegration\os-support\windows\visualstudio2015\vsproj\x64\debug\obplightsourceintensitycommand.obj
z:\windows_share\oceanopticsprojects\working\seabreezeflamex\seabreeze\flamexintegration\os-support\windows\visualstudio2015\vsproj\x64\debug\obplightsourceintensityquery.obj
z:\windows_share\oceanopticsprojects\working\seabreezeflamex\seabreeze\flamexintegration\os-support\windows\visualstudio2015\vsproj\x64\debug\obpmessage.obj
z:\windows_share\oceanopticsprojects\working\seabreezeflamex\seabreeze\flamexintegration\os-support\windows\visualstudio2015\vsproj\x64\debug\obpquery.obj
z:\windows_share\oceanopticsprojects\working\seabreezeflamex\seabreeze\flamexintegration\os-support\windows\visualstudio2015\vsproj\x64\debug\obpreadrawspectrum32andmetadataexchange.obj
z:\windows_share\oceanopticsprojects\working\seabreezeflamex\seabreeze\flamexintegration\os-support\windows\visualstudio2015\vsproj\x64\debug\obpreadrawspectrumexchange.obj
z:\windows_share\oceanopticsprojects\working\seabreezeflamex\seabreeze\flamexintegration\os-support\windows\visualstudio2015\vsproj\x64\debug\obpreadspectrum32andmetadataexchange.obj
z:\windows_share\oceanopticsprojects\working\seabreezeflamex\seabreeze\flamexintegration\os-support\windows\visualstudio2015\vsproj\x64\debug\obpgetdefaultpixelbinningexchange.obj
z:\windows_share\oceanopticsprojects\working\seabreezeflamex\seabreeze\flamexintegration\os-support\windows\visualstudio2015\vsproj\x64\debug\obpgetelectricdarkpixelrangesexchange.obj
z:\windows_share\oceanopticsprojects\working\seabreezeflamex\seabreeze\flamexintegration\os-support\windows\visualstudio2015\vsproj\x64\debug\obpgetfirmwarerevisionexchange.obj
z:\windows_share\oceanopticsprojects\working\seabreezeflamex\seabreeze\flamexintegration\os-support\windows\visualstudio2015\vsproj\x64\debug\obpgethardwarerevisionexchange.obj
z:\windows_share\oceanopticsprojects\working\seabreezeflamex\seabreeze\flamexintegration\os-support\windows\visualstudio2015\vsproj\x64\debug\obpgetirradcalexchange.obj
z:\windows_share\oceanopticsprojects\working\seabreezeflamex\seabreeze\flamexintegration\os-support\windows\visualstudio2015\vsproj\x64\debug\obpgetirradcollectionareaexchange.obj
z:\windows_share\oceanopticsprojects\working\seabreezeflamex\seabreeze\flamexintegration\os-support\windows\visualstudio2015\vsproj\x64\debug\obpgetmaxpixelbinningexchange.obj
z:\windows_share\oceanopticsprojects\working\seabreezeflamex\seabreeze\flamexintegration\os-support\windows\visualstudio2015\vsproj\x64\debug\obpgetnonlinearitycoeffexchange.obj
z:\windows_share\oceanopticsprojects\working\seabreezeflamex\seabreeze\flamexintegration\os-support\windows\visualstudio2015\vsproj\x64\debug\obpgetnonlinearitycoeffscountexchange.obj
z:\windows_share\oceanopticsprojects\working\seabreezeflamex\seabreeze\flamexintegration\os-support\windows\visualstudio2015\vsproj\x64\debug\obpgetnumberofpixelsexchange.obj
z:\windows_share\oceanopticsprojects\working\seabreezeflamex\seabreeze\flamexintegration\os-support\windows\visualstudio2015\vsproj\x64\debug\obpgetopticalbenchcoatingexchange.obj
z:\windows_share\oceanopticsprojects\working\seabreezeflamex\seabreeze\flamexintegration\os-support\windows\visualstudio2015\vsproj\x64\debug\obpgetopticalbenchfiberdiametermicronsexchange.obj
z:\windows_share\oceanopticsprojects\working\seabreezeflamex\seabreeze\flamexintegration\os-support\windows\visualstudio2015\vsproj\x64\debug\obpgetopticalbenchfilterexchange.obj
z:\windows_share\oceanopticsprojects\working\seabreezeflamex\seabreeze\flamexintegration\os-support\windows\visualstudio2015\vsproj\x64\debug\obpgetopticalbenchgratingexchange.obj
z:\windows_share\oceanopticsprojects\working\seabreezeflamex\seabreeze\flamexintegration\os-support\windows\visualstudio2015\vsproj\x64\debug\obpgetopticalbenchidexchange.obj
z:\windows_share\oceanopticsprojects\working\seabreezeflamex\seabreeze\flamexintegration\os-support\windows\visualstudio2015\vsproj\x64\debug\obpgetopticalbenchserialnumberexchange.obj
z:\windows_share\oceanopticsprojects\working\seabreezeflamex\seabreeze\flamexintegration\os-support\windows\visualstudio2015\vsproj\x64\debug\obpgetopticalbenchslitwidthmicronsexchange.obj
z:\windows_share\oceanopticsprojects\working\seabreezeflamex\seabreeze\flamexintegration\os-support\windows\visualstudio2015\vsproj\x64\debug\obpgetopticaldarkpixelrangesexchange.obj
z:\windows_share\oceanopticsprojects\working\seabreezeflamex\seabreeze\flamexintegration\os-support\windows\visualstudio2015\vsproj\x64\debug\obpgetpixelbinningexchange.obj
z:\windows_share\oceanopticsprojects\working\seabreezeflamex\seabreeze\flamexintegration\os-support\windows\visualstudio2015\vsproj\x64\debug\obpgetsaturationexchange.obj
z:\windows_share\oceanopticsprojects\working\seabreezeflamex\seabreeze\flamexintegration\os-support\windows\visualstudio2015\vsproj\x64\debug\revisionprotocolinteface.obj
z:\windows_share\oceanopticsprojects\working\seabreezeflamex\seabreeze\flamexintegration\os-support\windows\visualstudio2015\vsproj\x64\debug\serialnumberprotocolinterface.obj
z:\windows_share\oceanopticsprojects\working\seabreezeflamex\seabreeze\flamexintegration\os-support\windows\visualstudio2015\vsproj\x64\debug\shutterprotocolinterface.obj
z:\windows_share\oceanopticsprojects\working\seabreezeflamex\seabreeze\flamexintegration\os-support\windows\visualstudio2015\vsproj\x64\debug\spectrometerprotocolinterface.obj
z:\windows_share\oceanopticsprojects\working\seabreezeflamex\seabreeze\flamexintegration\os-support\windows\visualstudio2015\vsproj\x64\debug\spectrumprocessingprotocolinteface.obj
z:\windows_share\oceanopticsprojects\working\seabreezeflamex\seabreeze\flamexintegration\os-support\windows\visualstudio2015\vsproj\x64\debug\straylightcoeffsprotocolinterface.obj
z:\windows_share\oceanopticsprojects\working\seabreezeflamex\seabreeze\flamexintegration\os-support\windows\visualstudio2015\vsproj\x64\debug\strobelampprotocolinterface.obj
z:\windows_share\oceanopticsprojects\working\seabreezeflamex\seabreeze\flamexintegration\os-support\windows\visualstudio2015\vsproj\x64\debug\temperatureprotocolinteface.obj
z:\windows_share\oceanopticsprojects\working\seabreezeflamex\seabreeze\flamexintegration\os-support\windows\visualstudio2015\vsproj\x64\debug\thermoelectricprotocolinterface.obj
z:\windows_share\oceanopticsprojects\working\seabreezeflamex\seabreeze\flamexintegration\os-support\windows\visualstudio2015\vsproj\x64\debug\wavecalprotocolinterface.obj
z:\windows_share\oceanopticsprojects\working\seabreezeflamex\seabreeze\flamexintegration\os-support\windows\visualstudio2015\vsproj\x64\debug\obpcommand.obj
z:\windows_share\oceanopticsprojects\working\seabreezeflamex\seabreeze\flamexintegration\os-support\windows\visualstudio2015\vsproj\x64\debug\obpcontinuousstrobeenableexchange.obj
z:\windows_share\oceanopticsprojects\working\seabreezeflamex\seabreeze\flamexintegration\os-support\windows\visualstudio2015\vsproj\x64\debug\obpcontinuousstrobeperiodexchange.obj
z:\windows_share\oceanopticsprojects\working\seabreezeflamex\seabreeze\flamexintegration\os-support\windows\visualstudio2015\vsproj\x64\debug\obpdatabufferclearexchange.obj
z:\windows_share\oceanopticsprojects\working\seabreezeflamex\seabreeze\flamexintegration\os-support\windows\visualstudio2015\vsproj\x64\debug\obpgetactivepixelrangesexchange.obj
z:\windows_share\oceanopticsprojects\working\seabreezeflamex\seabreeze\flamexintegration\os-support\windows\visualstudio2015\vsproj\x64\debug\obpgetalltemperaturesexchange.obj
z:\windows_share\oceanopticsprojects\working\seabreezeflamex\seabreeze\flamexintegration\os-support\windows\visualstudio2015\vsproj\x64\debug\obpgetboxcarwidthexchange.obj
z:\windows_share\oceanopticsprojects\working\seabreezeflamex\seabreeze\flamexintegration\os-support\windows\visualstudio2015\vsproj\x64\debug\obpgetdatabuffercapacityexchange.obj
z:\windows_share\oceanopticsprojects\working\seabreezeflamex\seabreeze\flamexintegration\os-support\windows\visualstudio2015\vsproj\x64\debug\obpgetdatabuffercountexchange.obj
z:\windows_share\oceanopticsprojects\working\seabreezeflamex\seabreeze\flamexintegration\os-support\windows\visualstudio2015\vsproj\x64\debug\obpgetdatabuffermaximumcapacityexchange.obj
z:\windows_share\oceanopticsprojects\working\seabreezeflamex\seabreeze\flamexintegration\os-support\windows\visualstudio2015\vsproj\x64\debug\spectrumprocessingfeature.obj
z:\windows_share\oceanopticsprojects\working\seabreezeflamex\seabreeze\flamexintegration\os-support\windows\visualstudio2015\vsproj\x64\debug\straylightcoeffsfeature.obj
z:\windows_share\oceanopticsprojects\working\seabreezeflamex\seabreeze\flamexintegration\os-support\windows\visualstudio2015\vsproj\x64\debug\temperaturefeature.obj
z:\windows_share\oceanopticsprojects\working\seabreezeflamex\seabreeze\flamexintegration\os-support\windows\visualstudio2015\vsproj\x64\debug\qeprothermoelectricfeature.obj
z:\windows_share\oceanopticsprojects\working\seabreezeflamex\seabreeze\flamexintegration\os-support\windows\visualstudio2015\vsproj\x64\debug\thermoelectricfeaturebase.obj
z:\windows_share\oceanopticsprojects\working\seabreezeflamex\seabreeze\flamexintegration\os-support\windows\visualstudio2015\vsproj\x64\debug\thermoelectricqefeature.obj
z:\windows_share\oceanopticsprojects\working\seabreezeflamex\seabreeze\flamexintegration\os-support\windows\visualstudio2015\vsproj\x64\debug\ventanathermoelectricfeature.obj
z:\windows_share\oceanopticsprojects\working\seabreezeflamex\seabreeze\flamexintegration\os-support\windows\visualstudio2015\vsproj\x64\debug\wavecalfeature.obj
z:\windows_share\oceanopticsprojects\working\seabreezeflamex\seabreeze\flamexintegration\os-support\windows\visualstudio2015\vsproj\x64\debug\acquisitiondelayprotocolinterface.obj
z:\windows_share\oceanopticsprojects\working\seabreezeflamex\seabreeze\flamexintegration\os-support\windows\visualstudio2015\vsproj\x64\debug\continuousstrobeprotocolinterface.obj
z:\windows_share\oceanopticsprojects\working\seabreezeflamex\seabreeze\flamexintegration\os-support\windows\visualstudio2015\vsproj\x64\debug\databufferprotocolinterface.obj
z:\windows_share\oceanopticsprojects\working\seabreezeflamex\seabreeze\flamexintegration\os-support\windows\visualstudio2015\vsproj\x64\debug\eepromprotocolinterface.obj
z:\windows_share\oceanopticsprojects\working\seabreezeflamex\seabreeze\flamexintegration\os-support\windows\visualstudio2015\vsproj\x64\debug\fpgaregisterprotocolinterface.obj
z:\windows_share\oceanopticsprojects\working\seabreezeflamex\seabreeze\flamexintegration\os-support\windows\visualstudio2015\vsproj\x64\debug\introspectionprotocolinterface.obj
z:\windows_share\oceanopticsprojects\working\seabreezeflamex\seabreeze\flamexintegration\os-support\windows\visualstudio2015\vsproj\x64\debug\irradcalprotocolinterface.obj
z:\windows_share\oceanopticsprojects\working\seabreezeflamex\seabreeze\flamexintegration\os-support\windows\visualstudio2015\vsproj\x64\debug\lightsourceprotocolinterface.obj
z:\windows_share\oceanopticsprojects\working\seabreezeflamex\seabreeze\flamexintegration\os-support\windows\visualstudio2015\vsproj\x64\debug\nonlinearitycoeffsprotocolinterface.obj
z:\windows_share\oceanopticsprojects\working\seabreezeflamex\seabreeze\flamexintegration\os-support\windows\visualstudio2015\vsproj\x64\debug\opticalbenchprotocolinteface.obj
z:\windows_share\oceanopticsprojects\working\seabreezeflamex\seabreeze\flamexintegration\os-support\windows\visualstudio2015\vsproj\x64\debug\pixelbinningprotocolinterface.obj
z:\windows_share\oceanopticsprojects\working\seabreezeflamex\seabreeze\flamexintegration\os-support\windows\visualstudio2015\vsproj\x64\debug\programmablesaturationprotocolinteface.obj
z:\windows_share\oceanopticsprojects\working\seabreezeflamex\seabreeze\flamexintegration\os-support\windows\visualstudio2015\vsproj\x64\debug\jazspectrometerfeature.obj
z:\windows_share\oceanopticsprojects\working\seabreezeflamex\seabreeze\flamexintegration\os-support\windows\visualstudio2015\vsproj\x64\debug\maya2000prospectrometerfeature.obj
z:\windows_share\oceanopticsprojects\working\seabreezeflamex\seabreeze\flamexintegration\os-support\windows\visualstudio2015\vsproj\x64\debug\maya2000spectrometerfeature.obj
z:\windows_share\oceanopticsprojects\working\seabreezeflamex\seabreeze\flamexintegration\os-support\windows\visualstudio2015\vsproj\x64\debug\mayalslspectrometerfeature.obj
z:\windows_share\oceanopticsprojects\working\seabreezeflamex\seabreeze\flamexintegration\os-support\windows\visualstudio2015\vsproj\x64\debug\nirquest256spectrometerfeature.obj
z:\windows_share\oceanopticsprojects\working\seabreezeflamex\seabreeze\flamexintegration\os-support\windows\visualstudio2015\vsproj\x64\debug\nirquest512spectrometerfeature.obj
z:\windows_share\oceanopticsprojects\working\seabreezeflamex\seabreeze\flamexintegration\os-support\windows\visualstudio2015\vsproj\x64\debug\nirquestspectrometerfeature.obj
z:\windows_share\oceanopticsprojects\working\seabreezeflamex\seabreeze\flamexintegration\os-support\windows\visualstudio2015\vsproj\x64\debug\ooispectrometerfeature.obj
z:\windows_share\oceanopticsprojects\working\seabreezeflamex\seabreeze\flamexintegration\os-support\windows\visualstudio2015\vsproj\x64\debug\programmablesaturationfeature.obj
z:\windows_share\oceanopticsprojects\working\seabreezeflamex\seabreeze\flamexintegration\os-support\windows\visualstudio2015\vsproj\x64\debug\programmablesaturationfeaturebase.obj
z:\windows_share\oceanopticsprojects\working\seabreezeflamex\seabreeze\flamexintegration\os-support\windows\visualstudio2015\vsproj\x64\debug\programmablesaturationfeatureimpl.obj
z:\windows_share\oceanopticsprojects\working\seabreezeflamex\seabreeze\flamexintegration\os-support\windows\visualstudio2015\vsproj\x64\debug\qe65000spectrometerfeature.obj
z:\windows_share\oceanopticsprojects\working\seabreezeflamex\seabreeze\flamexintegration\os-support\windows\visualstudio2015\vsproj\x64\debug\qeprospectrometerfeature.obj
z:\windows_share\oceanopticsprojects\working\seabreezeflamex\seabreeze\flamexintegration\os-support\windows\visualstudio2015\vsproj\x64\debug\stsspectrometerfeature.obj
z:\windows_share\oceanopticsprojects\working\seabreezeflamex\seabreeze\flamexintegration\os-support\windows\visualstudio2015\vsproj\x64\debug\sparkspectrometerfeature.obj
z:\windows_share\oceanopticsprojects\working\seabreezeflamex\seabreeze\flamexintegration\os-support\windows\visualstudio2015\vsproj\x64\debug\spectrometertriggermode.obj
z:\windows_share\oceanopticsprojects\working\seabreezeflamex\seabreeze\flamexintegration\os-support\windows\visualstudio2015\vsproj\x64\debug\usb2000plusspectrometerfeature.obj
z:\windows_share\oceanopticsprojects\working\seabreezeflamex\seabreeze\flamexintegration\os-support\windows\visualstudio2015\vsproj\x64\debug\usb2000spectrometerfeature.obj
z:\windows_share\oceanopticsprojects\working\seabreezeflamex\seabreeze\flamexintegration\os-support\windows\visualstudio2015\vsproj\x64\debug\usb4000spectrometerfeature.obj
z:\windows_share\oceanopticsprojects\working\seabreezeflamex\seabreeze\flamexintegration\os-support\windows\visualstudio2015\vsproj\x64\debug\ventanaspectrometerfeature.obj
z:\windows_share\oceanopticsprojects\working\seabreezeflamex\seabreeze\flamexintegration\os-support\windows\visualstudio2015\vsproj\x64\debug\irradcalfeature.obj
z:\windows_share\oceanopticsprojects\working\seabreezeflamex\seabreeze\flamexintegration\os-support\windows\visualstudio2015\vsproj\x64\debug\lightsourcefeaturebase.obj
z:\windows_share\oceanopticsprojects\working\seabreezeflamex\seabreeze\flamexintegration\os-support\windows\visualstudio2015\vsproj\x64\debug\lightsourcefeatureimpl.obj
z:\windows_share\oceanopticsprojects\working\seabreezeflamex\seabreeze\flamexintegration\os-support\windows\visualstudio2015\vsproj\x64\debug\strobelampfeature.obj
z:\windows_share\oceanopticsprojects\working\seabreezeflamex\seabreeze\flamexintegration\os-support\windows\visualstudio2015\vsproj\x64\debug\ventanalightsourcefeature.obj
z:\windows_share\oceanopticsprojects\working\seabreezeflamex\seabreeze\flamexintegration\os-support\windows\visualstudio2015\vsproj\x64\debug\nonlinearitycoeffsfeature.obj
z:\windows_share\oceanopticsprojects\working\seabreezeflamex\seabreeze\flamexintegration\os-support\windows\visualstudio2015\vsproj\x64\debug\opticalbenchfeature.obj
z:\windows_share\oceanopticsprojects\working\seabreezeflamex\seabreeze\flamexintegration\os-support\windows\visualstudio2015\vsproj\x64\debug\pixelbinningfeatureinterface.obj
z:\windows_share\oceanopticsprojects\working\seabreezeflamex\seabreeze\flamexintegration\os-support\windows\visualstudio2015\vsproj\x64\debug\stspixelbinningfeature.obj
z:\windows_share\oceanopticsprojects\working\seabreezeflamex\seabreeze\flamexintegration\os-support\windows\visualstudio2015\vsproj\x64\debug\rawusbbusaccessfeature.obj
z:\windows_share\oceanopticsprojects\working\seabreezeflamex\seabreeze\flamexintegration\os-support\windows\visualstudio2015\vsproj\x64\debug\revisionfeature.obj
z:\windows_share\oceanopticsprojects\working\seabreezeflamex\seabreeze\flamexintegration\os-support\windows\visualstudio2015\vsproj\x64\debug\serialnumberfeature.obj
z:\windows_share\oceanopticsprojects\working\seabreezeflamex\seabreeze\flamexintegration\os-support\windows\visualstudio2015\vsproj\x64\debug\shutterfeature.obj
z:\windows_share\oceanopticsprojects\working\seabreezeflamex\seabreeze\flamexintegration\os-support\windows\visualstudio2015\vsproj\x64\debug\apexspectrometerfeature.obj
z:\windows_share\oceanopticsprojects\working\seabreezeflamex\seabreeze\flamexintegration\os-support\windows\visualstudio2015\vsproj\x64\debug\flamexspectrometerfeature.obj
z:\windows_share\oceanopticsprojects\working\seabreezeflamex\seabreeze\flamexintegration\os-support\windows\visualstudio2015\vsproj\x64\debug\flamenirspectrometerfeature.obj
z:\windows_share\oceanopticsprojects\working\seabreezeflamex\seabreeze\flamexintegration\os-support\windows\visualstudio2015\vsproj\x64\debug\gainadjustedspectrometerfeature.obj
z:\windows_share\oceanopticsprojects\working\seabreezeflamex\seabreeze\flamexintegration\os-support\windows\visualstudio2015\vsproj\x64\debug\hr2000plusspectrometerfeature.obj
z:\windows_share\oceanopticsprojects\working\seabreezeflamex\seabreeze\flamexintegration\os-support\windows\visualstudio2015\vsproj\x64\debug\hr2000spectrometerfeature.obj
z:\windows_share\oceanopticsprojects\working\seabreezeflamex\seabreeze\flamexintegration\os-support\windows\visualstudio2015\vsproj\x64\debug\hr4000spectrometerfeature.obj
z:\windows_share\oceanopticsprojects\working\seabreezeflamex\seabreeze\flamexintegration\os-support\windows\visualstudio2015\vsproj\x64\debug\acquisitiondelayfeature.obj
z:\windows_share\oceanopticsprojects\working\seabreezeflamex\seabreeze\flamexintegration\os-support\windows\visualstudio2015\vsproj\x64\debug\acquisitiondelayfeature_fpga.obj
z:\windows_share\oceanopticsprojects\working\seabreezeflamex\seabreeze\flamexintegration\os-support\windows\visualstudio2015\vsproj\x64\debug\stsacquisitiondelayfeature.obj
z:\windows_share\oceanopticsprojects\working\seabreezeflamex\seabreeze\flamexintegration\os-support\windows\visualstudio2015\vsproj\x64\debug\continuousstrobefeature.obj
z:\windows_share\oceanopticsprojects\working\seabreezeflamex\seabreeze\flamexintegration\os-support\windows\visualstudio2015\vsproj\x64\debug\continuousstrobefeature_fpga.obj
z:\windows_share\oceanopticsprojects\working\seabreezeflamex\seabreeze\flamexintegration\os-support\windows\visualstudio2015\vsproj\x64\debug\databufferfeaturebase.obj
z:\windows_share\oceanopticsprojects\working\seabreezeflamex\seabreeze\flamexintegration\os-support\windows\visualstudio2015\vsproj\x64\debug\qeprodatabufferfeature.obj
z:\windows_share\oceanopticsprojects\working\seabreezeflamex\seabreeze\flamexintegration\os-support\windows\visualstudio2015\vsproj\x64\debug\eepromslotfeature.obj
z:\windows_share\oceanopticsprojects\working\seabreezeflamex\seabreeze\flamexintegration\os-support\windows\visualstudio2015\vsproj\x64\debug\eepromslotfeaturebase.obj
z:\windows_share\oceanopticsprojects\working\seabreezeflamex\seabreeze\flamexintegration\os-support\windows\visualstudio2015\vsproj\x64\debug\nonlinearityeepromslotfeature.obj
z:\windows_share\oceanopticsprojects\working\seabreezeflamex\seabreeze\flamexintegration\os-support\windows\visualstudio2015\vsproj\x64\debug\saturationeepromslotfeature.obj
z:\windows_share\oceanopticsprojects\working\seabreezeflamex\seabreeze\flamexintegration\os-support\windows\visualstudio2015\vsproj\x64\debug\saturationeepromslotfeaturebase.obj
z:\windows_share\oceanopticsprojects\working\seabreezeflamex\seabreeze\flamexintegration\os-support\windows\visualstudio2015\vsproj\x64\debug\saturationeepromslotfeature_mayapro.obj
z:\windows_share\oceanopticsprojects\working\seabreezeflamex\seabreeze\flamexintegration\os-support\windows\visualstudio2015\vsproj\x64\debug\saturationeepromslotfeature_nirquest.obj
z:\windows_share\oceanopticsprojects\working\seabreezeflamex\seabreeze\flamexintegration\os-support\windows\visualstudio2015\vsproj\x64\debug\serialnumbereepromslotfeature.obj
z:\windows_share\oceanopticsprojects\working\seabreezeflamex\seabreeze\flamexintegration\os-support\windows\visualstudio2015\vsproj\x64\debug\straylighteepromslotfeature.obj
z:\windows_share\oceanopticsprojects\working\seabreezeflamex\seabreeze\flamexintegration\os-support\windows\visualstudio2015\vsproj\x64\debug\wavelengtheepromslotfeature.obj
z:\windows_share\oceanopticsprojects\working\seabreezeflamex\seabreeze\flamexintegration\os-support\windows\visualstudio2015\vsproj\x64\debug\wavelengtheepromslotfeature_qe65000.obj
z:\windows_share\oceanopticsprojects\working\seabreezeflamex\seabreeze\flamexintegration\os-support\windows\visualstudio2015\vsproj\x64\debug\fpgaregisterfeature.obj
z:\windows_share\oceanopticsprojects\working\seabreezeflamex\seabreeze\flamexintegration\os-support\windows\visualstudio2015\vsproj\x64\debug\introspectionfeature.obj
z:\windows_share\oceanopticsprojects\working\seabreezeflamex\seabreeze\flamexintegration\os-support\windows\visualstudio2015\vsproj\x64\debug\flamex.obj
z:\windows_share\oceanopticsprojects\working\seabreezeflamex\seabreeze\flamexintegration\os-support\windows\visualstudio2015\vsproj\x64\debug\flamenir.obj
z:\windows_share\oceanopticsprojects\working\seabreezeflamex\seabreeze\flamexintegration\os-support\windows\visualstudio2015\vsproj\x64\debug\hr2000.obj
z:\windows_share\oceanopticsprojects\working\seabreezeflamex\seabreeze\flamexintegration\os-support\windows\visualstudio2015\vsproj\x64\debug\hr2000plus.obj
z:\windows_share\oceanopticsprojects\working\seabreezeflamex\seabreeze\flamexintegration\os-support\windows\visualstudio2015\vsproj\x64\debug\hr4000.obj
z:\windows_share\oceanopticsprojects\working\seabreezeflamex\seabreeze\flamexintegration\os-support\windows\visualstudio2015\vsproj\x64\debug\jaz.obj
z:\windows_share\oceanopticsprojects\working\seabreezeflamex\seabreeze\flamexintegration\os-support\windows\visualstudio2015\vsproj\x64\debug\maya2000.obj
z:\windows_share\oceanopticsprojects\working\seabreezeflamex\seabreeze\flamexintegration\os-support\windows\visualstudio2015\vsproj\x64\debug\maya2000pro.obj
z:\windows_share\oceanopticsprojects\working\seabreezeflamex\seabreeze\flamexintegration\os-support\windows\visualstudio2015\vsproj\x64\debug\mayalsl.obj
z:\windows_share\oceanopticsprojects\working\seabreezeflamex\seabreeze\flamexintegration\os-support\windows\visualstudio2015\vsproj\x64\debug\nirquest256.obj
z:\windows_share\oceanopticsprojects\working\seabreezeflamex\seabreeze\flamexintegration\os-support\windows\visualstudio2015\vsproj\x64\debug\nirquest512.obj
z:\windows_share\oceanopticsprojects\working\seabreezeflamex\seabreeze\flamexintegration\os-support\windows\visualstudio2015\vsproj\x64\debug\qe65000.obj
z:\windows_share\oceanopticsprojects\working\seabreezeflamex\seabreeze\flamexintegration\os-support\windows\visualstudio2015\vsproj\x64\debug\qepro.obj
z:\windows_share\oceanopticsprojects\working\seabreezeflamex\seabreeze\flamexintegration\os-support\windows\visualstudio2015\vsproj\x64\debug\sts.obj
z:\windows_share\oceanopticsprojects\working\seabreezeflamex\seabreeze\flamexintegration\os-support\windows\visualstudio2015\vsproj\x64\debug\spark.obj
z:\windows_share\oceanopticsprojects\working\seabreezeflamex\seabreeze\flamexintegration\os-support\windows\visualstudio2015\vsproj\x64\debug\torus.obj
z:\windows_share\oceanopticsprojects\working\seabreezeflamex\seabreeze\flamexintegration\os-support\windows\visualstudio2015\vsproj\x64\debug\usb2000.obj
z:\windows_share\oceanopticsprojects\working\seabreezeflamex\seabreeze\flamexintegration\os-support\windows\visualstudio2015\vsproj\x64\debug\usb2000plus.obj
z:\windows_share\oceanopticsprojects\working\seabreezeflamex\seabreeze\flamexintegration\os-support\windows\visualstudio2015\vsproj\x64\debug\usb4000.obj
z:\windows_share\oceanopticsprojects\working\seabreezeflamex\seabreeze\flamexintegration\os-support\windows\visualstudio2015\vsproj\x64\debug\ventana.obj
z:\windows_share\oceanopticsprojects\working\seabreezeflamex\seabreeze\flamexintegration\os-support\windows\visualstudio2015\vsproj\x64\debug\maya2000usb.obj
z:\windows_share\oceanopticsprojects\working\seabreezeflamex\seabreeze\flamexintegration\os-support\windows\visualstudio2015\vsproj\x64\debug\mayalslusb.obj
z:\windows_share\oceanopticsprojects\working\seabreezeflamex\seabreeze\flamexintegration\os-support\windows\visualstudio2015\vsproj\x64\debug\nirquest256usb.obj
z:\windows_share\oceanopticsprojects\working\seabreezeflamex\seabreeze\flamexintegration\os-support\windows\visualstudio2015\vsproj\x64\debug\nirquest512usb.obj
z:\windows_share\oceanopticsprojects\working\seabreezeflamex\seabreeze\flamexintegration\os-support\windows\visualstudio2015\vsproj\x64\debug\ooiusb4kspectrumtransferhelper.obj
z:\windows_share\oceanopticsprojects\working\seabreezeflamex\seabreeze\flamexintegration\os-support\windows\visualstudio2015\vsproj\x64\debug\ooiusbcontroltransferhelper.obj
z:\windows_share\oceanopticsprojects\working\seabreezeflamex\seabreeze\flamexintegration\os-support\windows\visualstudio2015\vsproj\x64\debug\ooiusbendpointmaps.obj
z:\windows_share\oceanopticsprojects\working\seabreezeflamex\seabreeze\flamexintegration\os-support\windows\visualstudio2015\vsproj\x64\debug\ooiusbinterface.obj
z:\windows_share\oceanopticsprojects\working\seabreezeflamex\seabreeze\flamexintegration\os-support\windows\visualstudio2015\vsproj\x64\debug\ooiusbspectrumtransferhelper.obj
z:\windows_share\oceanopticsprojects\working\seabreezeflamex\seabreeze\flamexintegration\os-support\windows\visualstudio2015\vsproj\x64\debug\ooiusbtrivialtransferhelper.obj
z:\windows_share\oceanopticsprojects\working\seabreezeflamex\seabreeze\flamexintegration\os-support\windows\visualstudio2015\vsproj\x64\debug\qe65000usb.obj
z:\windows_share\oceanopticsprojects\working\seabreezeflamex\seabreeze\flamexintegration\os-support\windows\visualstudio2015\vsproj\x64\debug\qeprousb.obj
z:\windows_share\oceanopticsprojects\working\seabreezeflamex\seabreeze\flamexintegration\os-support\windows\visualstudio2015\vsproj\x64\debug\stsusb.obj
z:\windows_share\oceanopticsprojects\working\seabreezeflamex\seabreeze\flamexintegration\os-support\windows\visualstudio2015\vsproj\x64\debug\sparkusb.obj
z:\windows_share\oceanopticsprojects\working\seabreezeflamex\seabreeze\flamexintegration\os-support\windows\visualstudio2015\vsproj\x64\debug\torususb.obj
z:\windows_share\oceanopticsprojects\working\seabreezeflamex\seabreeze\flamexintegration\os-support\windows\visualstudio2015\vsproj\x64\debug\usb2000plususb.obj
z:\windows_share\oceanopticsprojects\working\seabreezeflamex\seabreeze\flamexintegration\os-support\windows\visualstudio2015\vsproj\x64\debug\usb2000usb.obj
z:\windows_share\oceanopticsprojects\working\seabreezeflamex\seabreeze\flamexintegration\os-support\windows\visualstudio2015\vsproj\x64\debug\usb4000usb.obj
z:\windows_share\oceanopticsprojects\working\seabreezeflamex\seabreeze\flamexintegration\os-support\windows\visualstudio2015\vsproj\x64\debug\ventanausb.obj
z:\windows_share\oceanopticsprojects\working\seabreezeflamex\seabreeze\flamexintegration\os-support\windows\visualstudio2015\vsproj\x64\debug\apex.obj
z:\windows_share\oceanopticsprojects\working\seabreezeflamex\seabreeze\flamexintegration\os-support\windows\visualstudio2015\vsproj\x64\debug\socketexception.obj
z:\windows_share\oceanopticsprojects\working\seabreezeflamex\seabreeze\flamexintegration\os-support\windows\visualstudio2015\vsproj\x64\debug\sockettimeoutexception.obj
z:\windows_share\oceanopticsprojects\working\seabreezeflamex\seabreeze\flamexintegration\os-support\windows\visualstudio2015\vsproj\x64\debug\unknownhostexception.obj
z:\windows_share\oceanopticsprojects\working\seabreezeflamex\seabreeze\flamexintegration\os-support\windows\visualstudio2015\vsproj\x64\debug\nativesocketwindows.obj
z:\windows_share\oceanopticsprojects\working\seabreezeflamex\seabreeze\flamexintegration\os-support\windows\visualstudio2015\vsproj\x64\debug\rs232.obj
z:\windows_share\oceanopticsprojects\working\seabreezeflamex\seabreeze\flamexintegration\os-support\windows\visualstudio2015\vsproj\x64\debug\system.obj
z:\windows_share\oceanopticsprojects\working\seabreezeflamex\seabreeze\flamexintegration\os-support\windows\visualstudio2015\vsproj\x64\debug\usb.obj
z:\windows_share\oceanopticsprojects\working\seabreezeflamex\seabreeze\flamexintegration\os-support\windows\visualstudio2015\vsproj\x64\debug\usbdiscovery.obj
z:\windows_share\oceanopticsprojects\working\seabreezeflamex\seabreeze\flamexintegration\os-support\windows\visualstudio2015\vsproj\x64\debug\flamextcpipv4.obj
z:\windows_share\oceanopticsprojects\working\seabreezeflamex\seabreeze\flamexintegration\os-support\windows\visualstudio2015\vsproj\x64\debug\jaztcpipv4.obj
z:\windows_share\oceanopticsprojects\working\seabreezeflamex\seabreeze\flamexintegration\os-support\windows\visualstudio2015\vsproj\x64\debug\ooirs232interface.obj
z:\windows_share\oceanopticsprojects\working\seabreezeflamex\seabreeze\flamexintegration\os-support\windows\visualstudio2015\vsproj\x64\debug\apexusb.obj
z:\windows_share\oceanopticsprojects\working\seabreezeflamex\seabreeze\flamexintegration\os-support\windows\visualstudio2015\vsproj\x64\debug\flamexusb.obj
z:\windows_share\oceanopticsprojects\working\seabreezeflamex\seabreeze\flamexintegration\os-support\windows\visualstudio2015\vsproj\x64\debug\flamexusbtransferhelper.obj
z:\windows_share\oceanopticsprojects\working\seabreezeflamex\seabreeze\flamexintegration\os-support\windows\visualstudio2015\vsproj\x64\debug\flamenirusb.obj
z:\windows_share\oceanopticsprojects\working\seabreezeflamex\seabreeze\flamexintegration\os-support\windows\visualstudio2015\vsproj\x64\debug\hr2000plususb.obj
z:\windows_share\oceanopticsprojects\working\seabreezeflamex\seabreeze\flamexintegration\os-support\windows\visualstudio2015\vsproj\x64\debug\hr2000usb.obj
z:\windows_share\oceanopticsprojects\working\seabreezeflamex\seabreeze\flamexintegration\os-support\windows\visualstudio2015\vsproj\x64\debug\hr4000usb.obj
z:\windows_share\oceanopticsprojects\working\seabreezeflamex\seabreeze\flamexintegration\os-support\windows\visualstudio2015\vsproj\x64\debug\jazusb.obj
z:\windows_share\oceanopticsprojects\working\seabreezeflamex\seabreeze\flamexintegration\os-support\windows\visualstudio2015\vsproj\x64\debug\maya2000prousb.obj
z:\windows_share\oceanopticsprojects\working\seabreezeflamex\seabreeze\flamexintegration\os-support\windows\visualstudio2015\vsproj\x64\debug\bustransferexception.obj
z:\windows_share\oceanopticsprojects\working\seabreezeflamex\seabreeze\flamexintegration\os-support\windows\visualstudio2015\vsproj\x64\debug\featurecontrolexception.obj
z:\windows_share\oceanopticsprojects\working\seabreezeflamex\seabreeze\flamexintegration\os-support\windows\visualstudio2015\vsproj\x64\debug\featureexception.obj
z:\windows_share\oceanopticsprojects\working\seabreezeflamex\seabreeze\flamexintegration\os-support\windows\visualstudio2015\vsproj\x64\debug\featureprotocolnotfoundexception.obj
z:\windows_share\oceanopticsprojects\working\seabreezeflamex\seabreeze\flamexintegration\os-support\windows\visualstudio2015\vsproj\x64\debug\illegalargumentexception.obj
z:\windows_share\oceanopticsprojects\working\seabreezeflamex\seabreeze\flamexintegration\os-support\windows\visualstudio2015\vsproj\x64\debug\numberformatexception.obj
z:\windows_share\oceanopticsprojects\working\seabreezeflamex\seabreeze\flamexintegration\os-support\windows\visualstudio2015\vsproj\x64\debug\protocolbusmismatchexception.obj
z:\windows_share\oceanopticsprojects\working\seabreezeflamex\seabreeze\flamexintegration\os-support\windows\visualstudio2015\vsproj\x64\debug\protocolexception.obj
z:\windows_share\oceanopticsprojects\working\seabreezeflamex\seabreeze\flamexintegration\os-support\windows\visualstudio2015\vsproj\x64\debug\protocolformatexception.obj
z:\windows_share\oceanopticsprojects\working\seabreezeflamex\seabreeze\flamexintegration\os-support\windows\visualstudio2015\vsproj\x64\debug\protocoltransactionexception.obj
z:\windows_share\oceanopticsprojects\working\seabreezeflamex\seabreeze\flamexintegration\os-support\windows\visualstudio2015\vsproj\x64\debug\featurefamily.obj
z:\windows_share\oceanopticsprojects\working\seabreezeflamex\seabreeze\flamexintegration\os-support\windows\visualstudio2015\vsproj\x64\debug\featureimpl.obj
z:\windows_share\oceanopticsprojects\working\seabreezeflamex\seabreeze\flamexintegration\os-support\windows\visualstudio2015\vsproj\x64\debug\exchange.obj
z:\windows_share\oceanopticsprojects\working\seabreezeflamex\seabreeze\flamexintegration\os-support\windows\visualstudio2015\vsproj\x64\debug\protocol.obj
z:\windows_share\oceanopticsprojects\working\seabreezeflamex\seabreeze\flamexintegration\os-support\windows\visualstudio2015\vsproj\x64\debug\protocolfamily.obj
z:\windows_share\oceanopticsprojects\working\seabreezeflamex\seabreeze\flamexintegration\os-support\windows\visualstudio2015\vsproj\x64\debug\protocolhelper.obj
z:\windows_share\oceanopticsprojects\working\seabreezeflamex\seabreeze\flamexintegration\os-support\windows\visualstudio2015\vsproj\x64\debug\protocolhint.obj
z:\windows_share\oceanopticsprojects\working\seabreezeflamex\seabreeze\flamexintegration\os-support\windows\visualstudio2015\vsproj\x64\debug\transaction.obj
z:\windows_share\oceanopticsprojects\working\seabreezeflamex\seabreeze\flamexintegration\os-support\windows\visualstudio2015\vsproj\x64\debug\transfer.obj
z:\windows_share\oceanopticsprojects\working\seabreezeflamex\seabreeze\flamexintegration\os-support\windows\visualstudio2015\vsproj\x64\debug\inet4address.obj
z:\windows_share\oceanopticsprojects\working\seabreezeflamex\seabreeze\flamexintegration\os-support\windows\visualstudio2015\vsproj\x64\debug\ushortvector.obj
z:\windows_share\oceanopticsprojects\working\seabreezeflamex\seabreeze\flamexintegration\os-support\windows\visualstudio2015\vsproj\x64\debug\unitdescriptor.obj
z:\windows_share\oceanopticsprojects\working\seabreezeflamex\seabreeze\flamexintegration\os-support\windows\visualstudio2015\vsproj\x64\debug\bus.obj
z:\windows_share\oceanopticsprojects\working\seabreezeflamex\seabreeze\flamexintegration\os-support\windows\visualstudio2015\vsproj\x64\debug\busfamilies.obj
z:\windows_share\oceanopticsprojects\working\seabreezeflamex\seabreeze\flamexintegration\os-support\windows\visualstudio2015\vsproj\x64\debug\busfamily.obj
z:\windows_share\oceanopticsprojects\working\seabreezeflamex\seabreeze\flamexintegration\os-support\windows\visualstudio2015\vsproj\x64\debug\devicelocationproberinterface.obj
z:\windows_share\oceanopticsprojects\working\seabreezeflamex\seabreeze\flamexintegration\os-support\windows\visualstudio2015\vsproj\x64\debug\transferhelper.obj
z:\windows_share\oceanopticsprojects\working\seabreezeflamex\seabreeze\flamexintegration\os-support\windows\visualstudio2015\vsproj\x64\debug\ipv4networkprotocol.obj
z:\windows_share\oceanopticsprojects\working\seabreezeflamex\seabreeze\flamexintegration\os-support\windows\visualstudio2015\vsproj\x64\debug\ipv4socketdevicelocator.obj
z:\windows_share\oceanopticsprojects\working\seabreezeflamex\seabreeze\flamexintegration\os-support\windows\visualstudio2015\vsproj\x64\debug\tcpipv4socketbus.obj
z:\windows_share\oceanopticsprojects\working\seabreezeflamex\seabreeze\flamexintegration\os-support\windows\visualstudio2015\vsproj\x64\debug\tcpipv4sockettransferhelper.obj
z:\windows_share\oceanopticsprojects\working\seabreezeflamex\seabreeze\flamexintegration\os-support\windows\visualstudio2015\vsproj\x64\debug\rs232devicelocator.obj
z:\windows_share\oceanopticsprojects\working\seabreezeflamex\seabreeze\flamexintegration\os-support\windows\visualstudio2015\vsproj\x64\debug\rs232interface.obj
z:\windows_share\oceanopticsprojects\working\seabreezeflamex\seabreeze\flamexintegration\os-support\windows\visualstudio2015\vsproj\x64\debug\rs232transferhelper.obj
z:\windows_share\oceanopticsprojects\working\seabreezeflamex\seabreeze\flamexintegration\os-support\windows\visualstudio2015\vsproj\x64\debug\usbdevicelocator.obj
z:\windows_share\oceanopticsprojects\working\seabreezeflamex\seabreeze\flamexintegration\os-support\windows\visualstudio2015\vsproj\x64\debug\usbinterface.obj
z:\windows_share\oceanopticsprojects\working\seabreezeflamex\seabreeze\flamexintegration\os-support\windows\visualstudio2015\vsproj\x64\debug\usbtransferhelper.obj
z:\windows_share\oceanopticsprojects\working\seabreezeflamex\seabreeze\flamexintegration\os-support\windows\visualstudio2015\vsproj\x64\debug\device.obj
z:\windows_share\oceanopticsprojects\working\seabreezeflamex\seabreeze\flamexintegration\os-support\windows\visualstudio2015\vsproj\x64\debug\busconnectexception.obj
z:\windows_share\oceanopticsprojects\working\seabreezeflamex\seabreeze\flamexintegration\os-support\windows\visualstudio2015\vsproj\x64\debug\busexception.obj
z:\windows_share\oceanopticsprojects\working\seabreezeflamex\seabreeze\flamexintegration\os-support\windows\visualstudio2015\vsproj\x64\debug\opticalbenchfeatureadapter.obj
z:\windows_share\oceanopticsprojects\working\seabreezeflamex\seabreeze\flamexintegration\os-support\windows\visualstudio2015\vsproj\x64\debug\pixelbinningfeatureadapter.obj
z:\windows_share\oceanopticsprojects\working\seabreezeflamex\seabreeze\flamexintegration\os-support\windows\visualstudio2015\vsproj\x64\debug\protocolfamilies.obj
z:\windows_share\oceanopticsprojects\working\seabreezeflamex\seabreeze\flamexintegration\os-support\windows\visualstudio2015\vsproj\x64\debug\rawusbbusaccessfeatureadapter.obj
z:\windows_share\oceanopticsprojects\working\seabreezeflamex\seabreeze\flamexintegration\os-support\windows\visualstudio2015\vsproj\x64\debug\revisionfeatureadapter.obj
z:\windows_share\oceanopticsprojects\working\seabreezeflamex\seabreeze\flamexintegration\os-support\windows\visualstudio2015\vsproj\x64\debug\seabreezeapi.obj
z:\windows_share\oceanopticsprojects\working\seabreezeflamex\seabreeze\flamexintegration\os-support\windows\visualstudio2015\vsproj\x64\debug\serialnumberfeatureadapter.obj
z:\windows_share\oceanopticsprojects\working\seabreezeflamex\seabreeze\flamexintegration\os-support\windows\visualstudio2015\vsproj\x64\debug\shutterfeatureadapter.obj
z:\windows_share\oceanopticsprojects\working\seabreezeflamex\seabreeze\flamexintegration\os-support\windows\visualstudio2015\vsproj\x64\debug\spectrometerfeatureadapter.obj
z:\windows_share\oceanopticsprojects\working\seabreezeflamex\seabreeze\flamexintegration\os-support\windows\visualstudio2015\vsproj\x64\debug\spectrumprocessingfeatureadapter.obj
z:\windows_share\oceanopticsprojects\working\seabreezeflamex\seabreeze\flamexintegration\os-support\windows\visualstudio2015\vsproj\x64\debug\straylightcoeffsfeatureadapter.obj
z:\windows_share\oceanopticsprojects\working\seabreezeflamex\seabreeze\flamexintegration\os-support\windows\visualstudio2015\vsproj\x64\debug\strobelampfeatureadapter.obj
z:\windows_share\oceanopticsprojects\working\seabreezeflamex\seabreeze\flamexintegration\os-support\windows\visualstudio2015\vsproj\x64\debug\temperaturefeatureadapter.obj
z:\windows_share\oceanopticsprojects\working\seabreezeflamex\seabreeze\flamexintegration\os-support\windows\visualstudio2015\vsproj\x64\debug\thermoelectriccoolerfeatureadapter.obj
z:\windows_share\oceanopticsprojects\working\seabreezeflamex\seabreeze\flamexintegration\os-support\windows\visualstudio2015\vsproj\x64\debug\bytevector.obj
z:\windows_share\oceanopticsprojects\working\seabreezeflamex\seabreeze\flamexintegration\os-support\windows\visualstudio2015\vsproj\x64\debug\data.obj
z:\windows_share\oceanopticsprojects\working\seabreezeflamex\seabreeze\flamexintegration\os-support\windows\visualstudio2015\vsproj\x64\debug\doublevector.obj
z:\windows_share\oceanopticsprojects\working\seabreezeflamex\seabreeze\flamexintegration\os-support\windows\visualstudio2015\vsproj\x64\debug\floatvector.obj
z:\windows_share\oceanopticsprojects\working\seabreezeflamex\seabreeze\flamexintegration\os-support\windows\visualstudio2015\vsproj\x64\debug\log.obj
z:\windows_share\oceanopticsprojects\working\seabreezeflamex\seabreeze\flamexintegration\os-support\windows\visualstudio2015\vsproj\x64\debug\u32vector.obj
z:\windows_share\oceanopticsprojects\working\seabreezeflamex\seabreeze\flamexintegration\os-support\windows\visualstudio2015\vsproj\x64\debug\devicefactory.obj
z:\windows_share\oceanopticsprojects\working\seabreezeflamex\seabreeze\flamexintegration\os-support\windows\visualstudio2015\vsproj\x64\debug\introspectionfeatureadapter.obj
z:\windows_share\oceanopticsprojects\working\seabreezeflamex\seabreeze\flamexintegration\os-support\windows\visualstudio2015\vsproj\x64\debug\seabreezeapi_impl.obj
z:\windows_share\oceanopticsprojects\working\seabreezeflamex\seabreeze\flamexintegration\os-support\windows\visualstudio2015\vsproj\x64\debug\seabreezewrapper.obj
z:\windows_share\oceanopticsprojects\working\seabreezeflamex\seabreeze\flamexintegration\os-support\windows\visualstudio2015\vsproj\x64\debug\acquisitiondelayfeatureadapter.obj
z:\windows_share\oceanopticsprojects\working\seabreezeflamex\seabreeze\flamexintegration\os-support\windows\visualstudio2015\vsproj\x64\debug\continuousstrobefeatureadapter.obj
z:\windows_share\oceanopticsprojects\working\seabreezeflamex\seabreeze\flamexintegration\os-support\windows\visualstudio2015\vsproj\x64\debug\databufferfeatureadapter.obj
z:\windows_share\oceanopticsprojects\working\seabreezeflamex\seabreeze\flamexintegration\os-support\windows\visualstudio2015\vsproj\x64\debug\deviceadapter.obj
z:\windows_share\oceanopticsprojects\working\seabreezeflamex\seabreeze\flamexintegration\os-support\windows\visualstudio2015\vsproj\x64\debug\eepromfeatureadapter.obj
z:\windows_share\oceanopticsprojects\working\seabreezeflamex\seabreeze\flamexintegration\os-support\windows\visualstudio2015\vsproj\x64\debug\featurefamilies.obj
z:\windows_share\oceanopticsprojects\working\seabreezeflamex\seabreeze\flamexintegration\os-support\windows\visualstudio2015\vsproj\x64\debug\irradcalfeatureadapter.obj
z:\windows_share\oceanopticsprojects\working\seabreezeflamex\seabreeze\flamexintegration\os-support\windows\visualstudio2015\vsproj\x64\debug\lightsourcefeatureadapter.obj
z:\windows_share\oceanopticsprojects\working\seabreezeflamex\seabreeze\flamexintegration\os-support\windows\visualstudio2015\vsproj\x64\debug\nonlinearitycoeffsfeatureadapter.obj
z:\windows_share\oceanopticsprojects\working\seabreezeflamex\seabreeze\flamexintegration\os-support\windows\visualstudio2015\vsproj\x64\debug\nativers232windows.obj
z:\windows_share\oceanopticsprojects\working\seabreezeflamex\seabreeze\flamexintegration\os-support\windows\visualstudio2015\vsproj\x64\debug\nativesystemwindows.obj
z:\windows_share\oceanopticsprojects\working\seabreezeflamex\seabreeze\flamexintegration\os-support\windows\visualstudio2015\vsproj\x64\debug\nativeusbwinusb.obj
z:\windows_share\oceanopticsprojects\working\seabreezeflamex\seabreeze\flamexintegration\os-support\windows\visualstudio2015\x64\debug\seabreeze.ilk
z:\windows_share\oceanopticsprojects\working\seabreezeflamex\seabreeze\flamexintegration\os-support\windows\visualstudio2015\x64\debug\seabreeze.dll
z:\windows_share\oceanopticsprojects\working\seabreezeflamex\seabreeze\flamexintegration\os-support\windows\visualstudio2015\x64\debug\seabreeze.pdb
z:\windows_share\oceanopticsprojects\working\seabreezeflamex\seabreeze\flamexintegration\os-support\windows\visualstudio2015\x64\debug\seabreeze.lib
z:\windows_share\oceanopticsprojects\working\seabreezeflamex\seabreeze\flamexintegration\os-support\windows\visualstudio2015\x64\debug\seabreeze.exp
z:\windows_share\oceanopticsprojects\working\seabreezeflamex\seabreeze\flamexintegration\os-support\windows\visualstudio2015\vsproj\x64\debug\seabreeze.res
z:\windows_share\oceanopticsprojects\working\seabreezeflamex\seabreeze\flamexintegration\os-support\windows\visualstudio2015\vsproj\x64\debug\seabreeze.tlog\cl.command.1.tlog
z:\windows_share\oceanopticsprojects\working\seabreezeflamex\seabreeze\flamexintegration\os-support\windows\visualstudio2015\vsproj\x64\debug\seabreeze.tlog\cl.read.1.tlog
z:\windows_share\oceanopticsprojects\working\seabreezeflamex\seabreeze\flamexintegration\os-support\windows\visualstudio2015\vsproj\x64\debug\seabreeze.tlog\cl.write.1.tlog
z:\windows_share\oceanopticsprojects\working\seabreezeflamex\seabreeze\flamexintegration\os-support\windows\visualstudio2015\vsproj\x64\debug\seabreeze.tlog\link.command.1.tlog
z:\windows_share\oceanopticsprojects\working\seabreezeflamex\seabreeze\flamexintegration\os-support\windows\visualstudio2015\vsproj\x64\debug\seabreeze.tlog\link.read.1.tlog
z:\windows_share\oceanopticsprojects\working\seabreezeflamex\seabreeze\flamexintegration\os-support\windows\visualstudio2015\vsproj\x64\debug\seabreeze.tlog\link.write.1.tlog
z:\windows_share\oceanopticsprojects\working\seabreezeflamex\seabreeze\flamexintegration\os-support\windows\visualstudio2015\vsproj\x64\debug\seabreeze.tlog\rc.command.1.tlog
z:\windows_share\oceanopticsprojects\working\seabreezeflamex\seabreeze\flamexintegration\os-support\windows\visualstudio2015\vsproj\x64\debug\seabreeze.tlog\rc.read.1.tlog
z:\windows_share\oceanopticsprojects\working\seabreezeflamex\seabreeze\flamexintegration\os-support\windows\visualstudio2015\vsproj\x64\debug\seabreeze.tlog\rc.write.1.tlog
z:\windows_share\oceanopticsprojects\working\seabreezeflamex\seabreeze\flamexintegration\os-support\windows\visualstudio2015\vsproj\x64\debug\seabreeze.tlog\seabreeze.write.1u.tlog
