z:\windows_share\oceanopticsprojects\working\seabreezeflamex\seabreeze\flamexintegration\os-support\windows\visualstudio2015\vsproj\x64\release\vc140.pdb
z:\windows_share\oceanopticsprojects\working\seabreezeflamex\seabreeze\flamexintegration\os-support\windows\visualstudio2015\vsproj\x64\release\vc140.idb
z:\windows_share\oceanopticsprojects\working\seabreezeflamex\seabreeze\flamexintegration\os-support\windows\visualstudio2015\vsproj\x64\release\readtecqetemperatureexchange.obj
z:\windows_share\oceanopticsprojects\working\seabreezeflamex\seabreeze\flamexintegration\os-support\windows\visualstudio2015\vsproj\x64\release\readtectemperatureexchange.obj
z:\windows_share\oceanopticsprojects\working\seabreezeflamex\seabreeze\flamexintegration\os-support\windows\visualstudio2015\vsproj\x64\release\requestspectrumexchange.obj
z:\windows_share\oceanopticsprojects\working\seabreezeflamex\seabreeze\flamexintegration\os-support\windows\visualstudio2015\vsproj\x64\release\strobeenableexchange.obj
z:\windows_share\oceanopticsprojects\working\seabreezeflamex\seabreeze\flamexintegration\os-support\windows\visualstudio2015\vsproj\x64\release\tecenableexchange.obj
z:\windows_share\oceanopticsprojects\working\seabreezeflamex\seabreeze\flamexintegration\os-support\windows\visualstudio2015\vsproj\x64\release\tecqeenableexchange.obj
z:\windows_share\oceanopticsprojects\working\seabreezeflamex\seabreeze\flamexintegration\os-support\windows\visualstudio2015\vsproj\x64\release\triggermodeexchange.obj
z:\windows_share\oceanopticsprojects\working\seabreezeflamex\seabreeze\flamexintegration\os-support\windows\visualstudio2015\vsproj\x64\release\usbfpgaspectrumexchange.obj
z:\windows_share\oceanopticsprojects\working\seabreezeflamex\seabreeze\flamexintegration\os-support\windows\visualstudio2015\vsproj\x64\release\writeeepromslotexchange.obj
z:\windows_share\oceanopticsprojects\working\seabreezeflamex\seabreeze\flamexintegration\os-support\windows\visualstudio2015\vsproj\x64\release\writetecqesetpointexchange.obj
z:\windows_share\oceanopticsprojects\working\seabreezeflamex\seabreeze\flamexintegration\os-support\windows\visualstudio2015\vsproj\x64\release\writetecsetpointexchange.obj
z:\windows_share\oceanopticsprojects\working\seabreezeflamex\seabreeze\flamexintegration\os-support\windows\visualstudio2015\vsproj\x64\release\controlhint.obj
z:\windows_share\oceanopticsprojects\working\seabreezeflamex\seabreeze\flamexintegration\os-support\windows\visualstudio2015\vsproj\x64\release\spectrumhint.obj
z:\windows_share\oceanopticsprojects\working\seabreezeflamex\seabreeze\flamexintegration\os-support\windows\visualstudio2015\vsproj\x64\release\fpgaregisterprotocol.obj
z:\windows_share\oceanopticsprojects\working\seabreezeflamex\seabreeze\flamexintegration\os-support\windows\visualstudio2015\vsproj\x64\release\ooieepromprotocol.obj
z:\windows_share\oceanopticsprojects\working\seabreezeflamex\seabreeze\flamexintegration\os-support\windows\visualstudio2015\vsproj\x64\release\ooiirradcalprotocol.obj
z:\windows_share\oceanopticsprojects\working\seabreezeflamex\seabreeze\flamexintegration\os-support\windows\visualstudio2015\vsproj\x64\release\ooiprotocol.obj
z:\windows_share\oceanopticsprojects\working\seabreezeflamex\seabreeze\flamexintegration\os-support\windows\visualstudio2015\vsproj\x64\release\ooispectrometerprotocol.obj
z:\windows_share\oceanopticsprojects\working\seabreezeflamex\seabreeze\flamexintegration\os-support\windows\visualstudio2015\vsproj\x64\release\ooistrobelampprotocol.obj
z:\windows_share\oceanopticsprojects\working\seabreezeflamex\seabreeze\flamexintegration\os-support\windows\visualstudio2015\vsproj\x64\release\ooitecprotocol.obj
z:\windows_share\oceanopticsprojects\working\seabreezeflamex\seabreeze\flamexintegration\os-support\windows\visualstudio2015\vsproj\x64\release\obpwavecalprotocol.obj
z:\windows_share\oceanopticsprojects\working\seabreezeflamex\seabreeze\flamexintegration\os-support\windows\visualstudio2015\vsproj\x64\release\oceanbinaryprotocol.obj
z:\windows_share\oceanopticsprojects\working\seabreezeflamex\seabreeze\flamexintegration\os-support\windows\visualstudio2015\vsproj\x64\release\fpgaregistercodes.obj
z:\windows_share\oceanopticsprojects\working\seabreezeflamex\seabreeze\flamexintegration\os-support\windows\visualstudio2015\vsproj\x64\release\opcodes.obj
z:\windows_share\oceanopticsprojects\working\seabreezeflamex\seabreeze\flamexintegration\os-support\windows\visualstudio2015\vsproj\x64\release\fpgaregisterreadexchange.obj
z:\windows_share\oceanopticsprojects\working\seabreezeflamex\seabreeze\flamexintegration\os-support\windows\visualstudio2015\vsproj\x64\release\fpgaregisterwriteexchange.obj
z:\windows_share\oceanopticsprojects\working\seabreezeflamex\seabreeze\flamexintegration\os-support\windows\visualstudio2015\vsproj\x64\release\fpgaspectrumexchange.obj
z:\windows_share\oceanopticsprojects\working\seabreezeflamex\seabreeze\flamexintegration\os-support\windows\visualstudio2015\vsproj\x64\release\flamenirspectrumexchange.obj
z:\windows_share\oceanopticsprojects\working\seabreezeflamex\seabreeze\flamexintegration\os-support\windows\visualstudio2015\vsproj\x64\release\hrfpgaspectrumexchange.obj
z:\windows_share\oceanopticsprojects\working\seabreezeflamex\seabreeze\flamexintegration\os-support\windows\visualstudio2015\vsproj\x64\release\integrationtimeexchange.obj
z:\windows_share\oceanopticsprojects\working\seabreezeflamex\seabreeze\flamexintegration\os-support\windows\visualstudio2015\vsproj\x64\release\jazspectrumexchange.obj
z:\windows_share\oceanopticsprojects\working\seabreezeflamex\seabreeze\flamexintegration\os-support\windows\visualstudio2015\vsproj\x64\release\mayaprospectrumexchange.obj
z:\windows_share\oceanopticsprojects\working\seabreezeflamex\seabreeze\flamexintegration\os-support\windows\visualstudio2015\vsproj\x64\release\nirquestspectrumexchange.obj
z:\windows_share\oceanopticsprojects\working\seabreezeflamex\seabreeze\flamexintegration\os-support\windows\visualstudio2015\vsproj\x64\release\ooi2kspectrumexchange.obj
z:\windows_share\oceanopticsprojects\working\seabreezeflamex\seabreeze\flamexintegration\os-support\windows\visualstudio2015\vsproj\x64\release\ooiirradcalexchange.obj
z:\windows_share\oceanopticsprojects\working\seabreezeflamex\seabreeze\flamexintegration\os-support\windows\visualstudio2015\vsproj\x64\release\ooireadirradcalexchange.obj
z:\windows_share\oceanopticsprojects\working\seabreezeflamex\seabreeze\flamexintegration\os-support\windows\visualstudio2015\vsproj\x64\release\ooiwriteirradcalexchange.obj
z:\windows_share\oceanopticsprojects\working\seabreezeflamex\seabreeze\flamexintegration\os-support\windows\visualstudio2015\vsproj\x64\release\qespectrumexchange.obj
z:\windows_share\oceanopticsprojects\working\seabreezeflamex\seabreeze\flamexintegration\os-support\windows\visualstudio2015\vsproj\x64\release\readeepromslotexchange.obj
z:\windows_share\oceanopticsprojects\working\seabreezeflamex\seabreeze\flamexintegration\os-support\windows\visualstudio2015\vsproj\x64\release\readspectrumexchange.obj
z:\windows_share\oceanopticsprojects\working\seabreezeflamex\seabreeze\flamexintegration\os-support\windows\visualstudio2015\vsproj\x64\release\obpacquisitiondelayprotocol.obj
z:\windows_share\oceanopticsprojects\working\seabreezeflamex\seabreeze\flamexintegration\os-support\windows\visualstudio2015\vsproj\x64\release\obpcontinuousstrobeprotocol.obj
z:\windows_share\oceanopticsprojects\working\seabreezeflamex\seabreeze\flamexintegration\os-support\windows\visualstudio2015\vsproj\x64\release\obpdatabufferprotocol.obj
z:\windows_share\oceanopticsprojects\working\seabreezeflamex\seabreeze\flamexintegration\os-support\windows\visualstudio2015\vsproj\x64\release\obpintrospectionprotocol.obj
z:\windows_share\oceanopticsprojects\working\seabreezeflamex\seabreeze\flamexintegration\os-support\windows\visualstudio2015\vsproj\x64\release\obpirradcalprotocol.obj
z:\windows_share\oceanopticsprojects\working\seabreezeflamex\seabreeze\flamexintegration\os-support\windows\visualstudio2015\vsproj\x64\release\obplightsourceprotocol.obj
z:\windows_share\oceanopticsprojects\working\seabreezeflamex\seabreeze\flamexintegration\os-support\windows\visualstudio2015\vsproj\x64\release\obplightsourceprotocol_ventana.obj
z:\windows_share\oceanopticsprojects\working\seabreezeflamex\seabreeze\flamexintegration\os-support\windows\visualstudio2015\vsproj\x64\release\obpnonlinearitycoeffsprotocol.obj
z:\windows_share\oceanopticsprojects\working\seabreezeflamex\seabreeze\flamexintegration\os-support\windows\visualstudio2015\vsproj\x64\release\obpopticalbenchprotocol.obj
z:\windows_share\oceanopticsprojects\working\seabreezeflamex\seabreeze\flamexintegration\os-support\windows\visualstudio2015\vsproj\x64\release\obppixelbinningprotocol.obj
z:\windows_share\oceanopticsprojects\working\seabreezeflamex\seabreeze\flamexintegration\os-support\windows\visualstudio2015\vsproj\x64\release\obpprogrammablesaturationprotocol.obj
z:\windows_share\oceanopticsprojects\working\seabreezeflamex\seabreeze\flamexintegration\os-support\windows\visualstudio2015\vsproj\x64\release\obprevisionprotocol.obj
z:\windows_share\oceanopticsprojects\working\seabreezeflamex\seabreeze\flamexintegration\os-support\windows\visualstudio2015\vsproj\x64\release\obpserialnumberprotocol.obj
z:\windows_share\oceanopticsprojects\working\seabreezeflamex\seabreeze\flamexintegration\os-support\windows\visualstudio2015\vsproj\x64\release\obpshutterprotocol.obj
z:\windows_share\oceanopticsprojects\working\seabreezeflamex\seabreeze\flamexintegration\os-support\windows\visualstudio2015\vsproj\x64\release\obpspectrometerprotocol.obj
z:\windows_share\oceanopticsprojects\working\seabreezeflamex\seabreeze\flamexintegration\os-support\windows\visualstudio2015\vsproj\x64\release\obpspectrumprocessingprotocol.obj
z:\windows_share\oceanopticsprojects\working\seabreezeflamex\seabreeze\flamexintegration\os-support\windows\visualstudio2015\vsproj\x64\release\obpstraylightcoeffsprotocol.obj
z:\windows_share\oceanopticsprojects\working\seabreezeflamex\seabreeze\flamexintegration\os-support\windows\visualstudio2015\vsproj\x64\release\obpstrobelampprotocol.obj
z:\windows_share\oceanopticsprojects\working\seabreezeflamex\seabreeze\flamexintegration\os-support\windows\visualstudio2015\vsproj\x64\release\obptemperatureprotocol.obj
z:\windows_share\oceanopticsprojects\working\seabreezeflamex\seabreeze\flamexintegration\os-support\windows\visualstudio2015\vsproj\x64\release\obpthermoelectricprotocol.obj
z:\windows_share\oceanopticsprojects\working\seabreezeflamex\seabreeze\flamexintegration\os-support\windows\visualstudio2015\vsproj\x64\release\obpreadspectrumexchange.obj
z:\windows_share\oceanopticsprojects\working\seabreezeflamex\seabreeze\flamexintegration\os-support\windows\visualstudio2015\vsproj\x64\release\obpreadspectrumwithgainexchange.obj
z:\windows_share\oceanopticsprojects\working\seabreezeflamex\seabreeze\flamexintegration\os-support\windows\visualstudio2015\vsproj\x64\release\obprequestbufferedspectrum32andmetadata.obj
z:\windows_share\oceanopticsprojects\working\seabreezeflamex\seabreeze\flamexintegration\os-support\windows\visualstudio2015\vsproj\x64\release\obprequestrawspectrumexchange.obj
z:\windows_share\oceanopticsprojects\working\seabreezeflamex\seabreeze\flamexintegration\os-support\windows\visualstudio2015\vsproj\x64\release\obprequestspectrumexchange.obj
z:\windows_share\oceanopticsprojects\working\seabreezeflamex\seabreeze\flamexintegration\os-support\windows\visualstudio2015\vsproj\x64\release\obpsetacquisitiondelayexchange.obj
z:\windows_share\oceanopticsprojects\working\seabreezeflamex\seabreeze\flamexintegration\os-support\windows\visualstudio2015\vsproj\x64\release\obpsetboxcarwidthexchange.obj
z:\windows_share\oceanopticsprojects\working\seabreezeflamex\seabreeze\flamexintegration\os-support\windows\visualstudio2015\vsproj\x64\release\obpsetdatabuffercapacityexchange.obj
z:\windows_share\oceanopticsprojects\working\seabreezeflamex\seabreeze\flamexintegration\os-support\windows\visualstudio2015\vsproj\x64\release\obpsetdefaultpixelbinningfactorexchange.obj
z:\windows_share\oceanopticsprojects\working\seabreezeflamex\seabreeze\flamexintegration\os-support\windows\visualstudio2015\vsproj\x64\release\obpsetirradcalexchange.obj
z:\windows_share\oceanopticsprojects\working\seabreezeflamex\seabreeze\flamexintegration\os-support\windows\visualstudio2015\vsproj\x64\release\obpsetirradcollectionareaexchange.obj
z:\windows_share\oceanopticsprojects\working\seabreezeflamex\seabreeze\flamexintegration\os-support\windows\visualstudio2015\vsproj\x64\release\obpsetpixelbinningexchange.obj
z:\windows_share\oceanopticsprojects\working\seabreezeflamex\seabreeze\flamexintegration\os-support\windows\visualstudio2015\vsproj\x64\release\obpsetscanstoaverageexchange.obj
z:\windows_share\oceanopticsprojects\working\seabreezeflamex\seabreeze\flamexintegration\os-support\windows\visualstudio2015\vsproj\x64\release\obpsetthermoelectricenableexchange.obj
z:\windows_share\oceanopticsprojects\working\seabreezeflamex\seabreeze\flamexintegration\os-support\windows\visualstudio2015\vsproj\x64\release\obpsetthermoelectricsetpointexchange.obj
z:\windows_share\oceanopticsprojects\working\seabreezeflamex\seabreeze\flamexintegration\os-support\windows\visualstudio2015\vsproj\x64\release\obpshutterexchange.obj
z:\windows_share\oceanopticsprojects\working\seabreezeflamex\seabreeze\flamexintegration\os-support\windows\visualstudio2015\vsproj\x64\release\obptransaction.obj
z:\windows_share\oceanopticsprojects\working\seabreezeflamex\seabreeze\flamexintegration\os-support\windows\visualstudio2015\vsproj\x64\release\obptriggermodeexchange.obj
z:\windows_share\oceanopticsprojects\working\seabreezeflamex\seabreeze\flamexintegration\os-support\windows\visualstudio2015\vsproj\x64\release\obpcontrolhint.obj
z:\windows_share\oceanopticsprojects\working\seabreezeflamex\seabreeze\flamexintegration\os-support\windows\visualstudio2015\vsproj\x64\release\obpspectrumhint.obj
z:\windows_share\oceanopticsprojects\working\seabreezeflamex\seabreeze\flamexintegration\os-support\windows\visualstudio2015\vsproj\x64\release\obpgetscanstoaverageexchange.obj
z:\windows_share\oceanopticsprojects\working\seabreezeflamex\seabreeze\flamexintegration\os-support\windows\visualstudio2015\vsproj\x64\release\obpgetserialnumberexchange.obj
z:\windows_share\oceanopticsprojects\working\seabreezeflamex\seabreeze\flamexintegration\os-support\windows\visualstudio2015\vsproj\x64\release\obpgetserialnumbermaximumlengthexchange.obj
z:\windows_share\oceanopticsprojects\working\seabreezeflamex\seabreeze\flamexintegration\os-support\windows\visualstudio2015\vsproj\x64\release\obpgetstraylightcoeffexchange.obj
z:\windows_share\oceanopticsprojects\working\seabreezeflamex\seabreeze\flamexintegration\os-support\windows\visualstudio2015\vsproj\x64\release\obpgetstraylightcoeffscountexchange.obj
z:\windows_share\oceanopticsprojects\working\seabreezeflamex\seabreeze\flamexintegration\os-support\windows\visualstudio2015\vsproj\x64\release\obpgettemperaturecountexchange.obj
z:\windows_share\oceanopticsprojects\working\seabreezeflamex\seabreeze\flamexintegration\os-support\windows\visualstudio2015\vsproj\x64\release\obpgettemperatureexchange.obj
z:\windows_share\oceanopticsprojects\working\seabreezeflamex\seabreeze\flamexintegration\os-support\windows\visualstudio2015\vsproj\x64\release\obpgetthermoelectrictemperatureexchange.obj
z:\windows_share\oceanopticsprojects\working\seabreezeflamex\seabreeze\flamexintegration\os-support\windows\visualstudio2015\vsproj\x64\release\obpgetwavecalexchange.obj
z:\windows_share\oceanopticsprojects\working\seabreezeflamex\seabreeze\flamexintegration\os-support\windows\visualstudio2015\vsproj\x64\release\obpintegrationtimeexchange.obj
z:\windows_share\oceanopticsprojects\working\seabreezeflamex\seabreeze\flamexintegration\os-support\windows\visualstudio2015\vsproj\x64\release\obplampenablecommand.obj
z:\windows_share\oceanopticsprojects\working\seabreezeflamex\seabreeze\flamexintegration\os-support\windows\visualstudio2015\vsproj\x64\release\obplightsourceenablecommand.obj
z:\windows_share\oceanopticsprojects\working\seabreezeflamex\seabreeze\flamexintegration\os-support\windows\visualstudio2015\vsproj\x64\release\obplightsourceenabledquery.obj
z:\windows_share\oceanopticsprojects\working\seabreezeflamex\seabreeze\flamexintegration\os-support\windows\visualstudio2015\vsproj\x64\release\obplightsourceintensitycommand.obj
z:\windows_share\oceanopticsprojects\working\seabreezeflamex\seabreeze\flamexintegration\os-support\windows\visualstudio2015\vsproj\x64\release\obplightsourceintensityquery.obj
z:\windows_share\oceanopticsprojects\working\seabreezeflamex\seabreeze\flamexintegration\os-support\windows\visualstudio2015\vsproj\x64\release\obpmessage.obj
z:\windows_share\oceanopticsprojects\working\seabreezeflamex\seabreeze\flamexintegration\os-support\windows\visualstudio2015\vsproj\x64\release\obpquery.obj
z:\windows_share\oceanopticsprojects\working\seabreezeflamex\seabreeze\flamexintegration\os-support\windows\visualstudio2015\vsproj\x64\release\obpreadrawspectrum32andmetadataexchange.obj
z:\windows_share\oceanopticsprojects\working\seabreezeflamex\seabreeze\flamexintegration\os-support\windows\visualstudio2015\vsproj\x64\release\obpreadrawspectrumexchange.obj
z:\windows_share\oceanopticsprojects\working\seabreezeflamex\seabreeze\flamexintegration\os-support\windows\visualstudio2015\vsproj\x64\release\obpreadspectrum32andmetadataexchange.obj
z:\windows_share\oceanopticsprojects\working\seabreezeflamex\seabreeze\flamexintegration\os-support\windows\visualstudio2015\vsproj\x64\release\obpgetdefaultpixelbinningexchange.obj
z:\windows_share\oceanopticsprojects\working\seabreezeflamex\seabreeze\flamexintegration\os-support\windows\visualstudio2015\vsproj\x64\release\obpgetelectricdarkpixelrangesexchange.obj
z:\windows_share\oceanopticsprojects\working\seabreezeflamex\seabreeze\flamexintegration\os-support\windows\visualstudio2015\vsproj\x64\release\obpgetfirmwarerevisionexchange.obj
z:\windows_share\oceanopticsprojects\working\seabreezeflamex\seabreeze\flamexintegration\os-support\windows\visualstudio2015\vsproj\x64\release\obpgethardwarerevisionexchange.obj
z:\windows_share\oceanopticsprojects\working\seabreezeflamex\seabreeze\flamexintegration\os-support\windows\visualstudio2015\vsproj\x64\release\obpgetirradcalexchange.obj
z:\windows_share\oceanopticsprojects\working\seabreezeflamex\seabreeze\flamexintegration\os-support\windows\visualstudio2015\vsproj\x64\release\obpgetirradcollectionareaexchange.obj
z:\windows_share\oceanopticsprojects\working\seabreezeflamex\seabreeze\flamexintegration\os-support\windows\visualstudio2015\vsproj\x64\release\obpgetmaxpixelbinningexchange.obj
z:\windows_share\oceanopticsprojects\working\seabreezeflamex\seabreeze\flamexintegration\os-support\windows\visualstudio2015\vsproj\x64\release\obpgetnonlinearitycoeffexchange.obj
z:\windows_share\oceanopticsprojects\working\seabreezeflamex\seabreeze\flamexintegration\os-support\windows\visualstudio2015\vsproj\x64\release\obpgetnonlinearitycoeffscountexchange.obj
z:\windows_share\oceanopticsprojects\working\seabreezeflamex\seabreeze\flamexintegration\os-support\windows\visualstudio2015\vsproj\x64\release\obpgetnumberofpixelsexchange.obj
z:\windows_share\oceanopticsprojects\working\seabreezeflamex\seabreeze\flamexintegration\os-support\windows\visualstudio2015\vsproj\x64\release\obpgetopticalbenchcoatingexchange.obj
z:\windows_share\oceanopticsprojects\working\seabreezeflamex\seabreeze\flamexintegration\os-support\windows\visualstudio2015\vsproj\x64\release\obpgetopticalbenchfiberdiametermicronsexchange.obj
z:\windows_share\oceanopticsprojects\working\seabreezeflamex\seabreeze\flamexintegration\os-support\windows\visualstudio2015\vsproj\x64\release\obpgetopticalbenchfilterexchange.obj
z:\windows_share\oceanopticsprojects\working\seabreezeflamex\seabreeze\flamexintegration\os-support\windows\visualstudio2015\vsproj\x64\release\obpgetopticalbenchgratingexchange.obj
z:\windows_share\oceanopticsprojects\working\seabreezeflamex\seabreeze\flamexintegration\os-support\windows\visualstudio2015\vsproj\x64\release\obpgetopticalbenchidexchange.obj
z:\windows_share\oceanopticsprojects\working\seabreezeflamex\seabreeze\flamexintegration\os-support\windows\visualstudio2015\vsproj\x64\release\obpgetopticalbenchserialnumberexchange.obj
z:\windows_share\oceanopticsprojects\working\seabreezeflamex\seabreeze\flamexintegration\os-support\windows\visualstudio2015\vsproj\x64\release\obpgetopticalbenchslitwidthmicronsexchange.obj
z:\windows_share\oceanopticsprojects\working\seabreezeflamex\seabreeze\flamexintegration\os-support\windows\visualstudio2015\vsproj\x64\release\obpgetopticaldarkpixelrangesexchange.obj
z:\windows_share\oceanopticsprojects\working\seabreezeflamex\seabreeze\flamexintegration\os-support\windows\visualstudio2015\vsproj\x64\release\obpgetpixelbinningexchange.obj
z:\windows_share\oceanopticsprojects\working\seabreezeflamex\seabreeze\flamexintegration\os-support\windows\visualstudio2015\vsproj\x64\release\obpgetsaturationexchange.obj
z:\windows_share\oceanopticsprojects\working\seabreezeflamex\seabreeze\flamexintegration\os-support\windows\visualstudio2015\vsproj\x64\release\revisionprotocolinteface.obj
z:\windows_share\oceanopticsprojects\working\seabreezeflamex\seabreeze\flamexintegration\os-support\windows\visualstudio2015\vsproj\x64\release\serialnumberprotocolinterface.obj
z:\windows_share\oceanopticsprojects\working\seabreezeflamex\seabreeze\flamexintegration\os-support\windows\visualstudio2015\vsproj\x64\release\shutterprotocolinterface.obj
z:\windows_share\oceanopticsprojects\working\seabreezeflamex\seabreeze\flamexintegration\os-support\windows\visualstudio2015\vsproj\x64\release\spectrometerprotocolinterface.obj
z:\windows_share\oceanopticsprojects\working\seabreezeflamex\seabreeze\flamexintegration\os-support\windows\visualstudio2015\vsproj\x64\release\spectrumprocessingprotocolinteface.obj
z:\windows_share\oceanopticsprojects\working\seabreezeflamex\seabreeze\flamexintegration\os-support\windows\visualstudio2015\vsproj\x64\release\straylightcoeffsprotocolinterface.obj
z:\windows_share\oceanopticsprojects\working\seabreezeflamex\seabreeze\flamexintegration\os-support\windows\visualstudio2015\vsproj\x64\release\strobelampprotocolinterface.obj
z:\windows_share\oceanopticsprojects\working\seabreezeflamex\seabreeze\flamexintegration\os-support\windows\visualstudio2015\vsproj\x64\release\temperatureprotocolinteface.obj
z:\windows_share\oceanopticsprojects\working\seabreezeflamex\seabreeze\flamexintegration\os-support\windows\visualstudio2015\vsproj\x64\release\thermoelectricprotocolinterface.obj
z:\windows_share\oceanopticsprojects\working\seabreezeflamex\seabreeze\flamexintegration\os-support\windows\visualstudio2015\vsproj\x64\release\wavecalprotocolinterface.obj
z:\windows_share\oceanopticsprojects\working\seabreezeflamex\seabreeze\flamexintegration\os-support\windows\visualstudio2015\vsproj\x64\release\obpcommand.obj
z:\windows_share\oceanopticsprojects\working\seabreezeflamex\seabreeze\flamexintegration\os-support\windows\visualstudio2015\vsproj\x64\release\obpcontinuousstrobeenableexchange.obj
z:\windows_share\oceanopticsprojects\working\seabreezeflamex\seabreeze\flamexintegration\os-support\windows\visualstudio2015\vsproj\x64\release\obpcontinuousstrobeperiodexchange.obj
z:\windows_share\oceanopticsprojects\working\seabreezeflamex\seabreeze\flamexintegration\os-support\windows\visualstudio2015\vsproj\x64\release\obpdatabufferclearexchange.obj
z:\windows_share\oceanopticsprojects\working\seabreezeflamex\seabreeze\flamexintegration\os-support\windows\visualstudio2015\vsproj\x64\release\obpgetactivepixelrangesexchange.obj
z:\windows_share\oceanopticsprojects\working\seabreezeflamex\seabreeze\flamexintegration\os-support\windows\visualstudio2015\vsproj\x64\release\obpgetalltemperaturesexchange.obj
z:\windows_share\oceanopticsprojects\working\seabreezeflamex\seabreeze\flamexintegration\os-support\windows\visualstudio2015\vsproj\x64\release\obpgetboxcarwidthexchange.obj
z:\windows_share\oceanopticsprojects\working\seabreezeflamex\seabreeze\flamexintegration\os-support\windows\visualstudio2015\vsproj\x64\release\obpgetdatabuffercapacityexchange.obj
z:\windows_share\oceanopticsprojects\working\seabreezeflamex\seabreeze\flamexintegration\os-support\windows\visualstudio2015\vsproj\x64\release\obpgetdatabuffercountexchange.obj
z:\windows_share\oceanopticsprojects\working\seabreezeflamex\seabreeze\flamexintegration\os-support\windows\visualstudio2015\vsproj\x64\release\obpgetdatabuffermaximumcapacityexchange.obj
z:\windows_share\oceanopticsprojects\working\seabreezeflamex\seabreeze\flamexintegration\os-support\windows\visualstudio2015\vsproj\x64\release\spectrumprocessingfeature.obj
z:\windows_share\oceanopticsprojects\working\seabreezeflamex\seabreeze\flamexintegration\os-support\windows\visualstudio2015\vsproj\x64\release\straylightcoeffsfeature.obj
z:\windows_share\oceanopticsprojects\working\seabreezeflamex\seabreeze\flamexintegration\os-support\windows\visualstudio2015\vsproj\x64\release\temperaturefeature.obj
z:\windows_share\oceanopticsprojects\working\seabreezeflamex\seabreeze\flamexintegration\os-support\windows\visualstudio2015\vsproj\x64\release\qeprothermoelectricfeature.obj
z:\windows_share\oceanopticsprojects\working\seabreezeflamex\seabreeze\flamexintegration\os-support\windows\visualstudio2015\vsproj\x64\release\thermoelectricfeaturebase.obj
z:\windows_share\oceanopticsprojects\working\seabreezeflamex\seabreeze\flamexintegration\os-support\windows\visualstudio2015\vsproj\x64\release\thermoelectricqefeature.obj
z:\windows_share\oceanopticsprojects\working\seabreezeflamex\seabreeze\flamexintegration\os-support\windows\visualstudio2015\vsproj\x64\release\ventanathermoelectricfeature.obj
z:\windows_share\oceanopticsprojects\working\seabreezeflamex\seabreeze\flamexintegration\os-support\windows\visualstudio2015\vsproj\x64\release\wavecalfeature.obj
z:\windows_share\oceanopticsprojects\working\seabreezeflamex\seabreeze\flamexintegration\os-support\windows\visualstudio2015\vsproj\x64\release\acquisitiondelayprotocolinterface.obj
z:\windows_share\oceanopticsprojects\working\seabreezeflamex\seabreeze\flamexintegration\os-support\windows\visualstudio2015\vsproj\x64\release\continuousstrobeprotocolinterface.obj
z:\windows_share\oceanopticsprojects\working\seabreezeflamex\seabreeze\flamexintegration\os-support\windows\visualstudio2015\vsproj\x64\release\databufferprotocolinterface.obj
z:\windows_share\oceanopticsprojects\working\seabreezeflamex\seabreeze\flamexintegration\os-support\windows\visualstudio2015\vsproj\x64\release\eepromprotocolinterface.obj
z:\windows_share\oceanopticsprojects\working\seabreezeflamex\seabreeze\flamexintegration\os-support\windows\visualstudio2015\vsproj\x64\release\fpgaregisterprotocolinterface.obj
z:\windows_share\oceanopticsprojects\working\seabreezeflamex\seabreeze\flamexintegration\os-support\windows\visualstudio2015\vsproj\x64\release\introspectionprotocolinterface.obj
z:\windows_share\oceanopticsprojects\working\seabreezeflamex\seabreeze\flamexintegration\os-support\windows\visualstudio2015\vsproj\x64\release\irradcalprotocolinterface.obj
z:\windows_share\oceanopticsprojects\working\seabreezeflamex\seabreeze\flamexintegration\os-support\windows\visualstudio2015\vsproj\x64\release\lightsourceprotocolinterface.obj
z:\windows_share\oceanopticsprojects\working\seabreezeflamex\seabreeze\flamexintegration\os-support\windows\visualstudio2015\vsproj\x64\release\nonlinearitycoeffsprotocolinterface.obj
z:\windows_share\oceanopticsprojects\working\seabreezeflamex\seabreeze\flamexintegration\os-support\windows\visualstudio2015\vsproj\x64\release\opticalbenchprotocolinteface.obj
z:\windows_share\oceanopticsprojects\working\seabreezeflamex\seabreeze\flamexintegration\os-support\windows\visualstudio2015\vsproj\x64\release\pixelbinningprotocolinterface.obj
z:\windows_share\oceanopticsprojects\working\seabreezeflamex\seabreeze\flamexintegration\os-support\windows\visualstudio2015\vsproj\x64\release\programmablesaturationprotocolinteface.obj
z:\windows_share\oceanopticsprojects\working\seabreezeflamex\seabreeze\flamexintegration\os-support\windows\visualstudio2015\vsproj\x64\release\jazspectrometerfeature.obj
z:\windows_share\oceanopticsprojects\working\seabreezeflamex\seabreeze\flamexintegration\os-support\windows\visualstudio2015\vsproj\x64\release\maya2000prospectrometerfeature.obj
z:\windows_share\oceanopticsprojects\working\seabreezeflamex\seabreeze\flamexintegration\os-support\windows\visualstudio2015\vsproj\x64\release\maya2000spectrometerfeature.obj
z:\windows_share\oceanopticsprojects\working\seabreezeflamex\seabreeze\flamexintegration\os-support\windows\visualstudio2015\vsproj\x64\release\mayalslspectrometerfeature.obj
z:\windows_share\oceanopticsprojects\working\seabreezeflamex\seabreeze\flamexintegration\os-support\windows\visualstudio2015\vsproj\x64\release\nirquest256spectrometerfeature.obj
z:\windows_share\oceanopticsprojects\working\seabreezeflamex\seabreeze\flamexintegration\os-support\windows\visualstudio2015\vsproj\x64\release\nirquest512spectrometerfeature.obj
z:\windows_share\oceanopticsprojects\working\seabreezeflamex\seabreeze\flamexintegration\os-support\windows\visualstudio2015\vsproj\x64\release\nirquestspectrometerfeature.obj
z:\windows_share\oceanopticsprojects\working\seabreezeflamex\seabreeze\flamexintegration\os-support\windows\visualstudio2015\vsproj\x64\release\ooispectrometerfeature.obj
z:\windows_share\oceanopticsprojects\working\seabreezeflamex\seabreeze\flamexintegration\os-support\windows\visualstudio2015\vsproj\x64\release\programmablesaturationfeature.obj
z:\windows_share\oceanopticsprojects\working\seabreezeflamex\seabreeze\flamexintegration\os-support\windows\visualstudio2015\vsproj\x64\release\programmablesaturationfeaturebase.obj
z:\windows_share\oceanopticsprojects\working\seabreezeflamex\seabreeze\flamexintegration\os-support\windows\visualstudio2015\vsproj\x64\release\programmablesaturationfeatureimpl.obj
z:\windows_share\oceanopticsprojects\working\seabreezeflamex\seabreeze\flamexintegration\os-support\windows\visualstudio2015\vsproj\x64\release\qe65000spectrometerfeature.obj
z:\windows_share\oceanopticsprojects\working\seabreezeflamex\seabreeze\flamexintegration\os-support\windows\visualstudio2015\vsproj\x64\release\qeprospectrometerfeature.obj
z:\windows_share\oceanopticsprojects\working\seabreezeflamex\seabreeze\flamexintegration\os-support\windows\visualstudio2015\vsproj\x64\release\stsspectrometerfeature.obj
z:\windows_share\oceanopticsprojects\working\seabreezeflamex\seabreeze\flamexintegration\os-support\windows\visualstudio2015\vsproj\x64\release\sparkspectrometerfeature.obj
z:\windows_share\oceanopticsprojects\working\seabreezeflamex\seabreeze\flamexintegration\os-support\windows\visualstudio2015\vsproj\x64\release\spectrometertriggermode.obj
z:\windows_share\oceanopticsprojects\working\seabreezeflamex\seabreeze\flamexintegration\os-support\windows\visualstudio2015\vsproj\x64\release\usb2000plusspectrometerfeature.obj
z:\windows_share\oceanopticsprojects\working\seabreezeflamex\seabreeze\flamexintegration\os-support\windows\visualstudio2015\vsproj\x64\release\usb2000spectrometerfeature.obj
z:\windows_share\oceanopticsprojects\working\seabreezeflamex\seabreeze\flamexintegration\os-support\windows\visualstudio2015\vsproj\x64\release\usb4000spectrometerfeature.obj
z:\windows_share\oceanopticsprojects\working\seabreezeflamex\seabreeze\flamexintegration\os-support\windows\visualstudio2015\vsproj\x64\release\ventanaspectrometerfeature.obj
z:\windows_share\oceanopticsprojects\working\seabreezeflamex\seabreeze\flamexintegration\os-support\windows\visualstudio2015\vsproj\x64\release\irradcalfeature.obj
z:\windows_share\oceanopticsprojects\working\seabreezeflamex\seabreeze\flamexintegration\os-support\windows\visualstudio2015\vsproj\x64\release\lightsourcefeaturebase.obj
z:\windows_share\oceanopticsprojects\working\seabreezeflamex\seabreeze\flamexintegration\os-support\windows\visualstudio2015\vsproj\x64\release\lightsourcefeatureimpl.obj
z:\windows_share\oceanopticsprojects\working\seabreezeflamex\seabreeze\flamexintegration\os-support\windows\visualstudio2015\vsproj\x64\release\strobelampfeature.obj
z:\windows_share\oceanopticsprojects\working\seabreezeflamex\seabreeze\flamexintegration\os-support\windows\visualstudio2015\vsproj\x64\release\ventanalightsourcefeature.obj
z:\windows_share\oceanopticsprojects\working\seabreezeflamex\seabreeze\flamexintegration\os-support\windows\visualstudio2015\vsproj\x64\release\nonlinearitycoeffsfeature.obj
z:\windows_share\oceanopticsprojects\working\seabreezeflamex\seabreeze\flamexintegration\os-support\windows\visualstudio2015\vsproj\x64\release\opticalbenchfeature.obj
z:\windows_share\oceanopticsprojects\working\seabreezeflamex\seabreeze\flamexintegration\os-support\windows\visualstudio2015\vsproj\x64\release\pixelbinningfeatureinterface.obj
z:\windows_share\oceanopticsprojects\working\seabreezeflamex\seabreeze\flamexintegration\os-support\windows\visualstudio2015\vsproj\x64\release\stspixelbinningfeature.obj
z:\windows_share\oceanopticsprojects\working\seabreezeflamex\seabreeze\flamexintegration\os-support\windows\visualstudio2015\vsproj\x64\release\rawusbbusaccessfeature.obj
z:\windows_share\oceanopticsprojects\working\seabreezeflamex\seabreeze\flamexintegration\os-support\windows\visualstudio2015\vsproj\x64\release\revisionfeature.obj
z:\windows_share\oceanopticsprojects\working\seabreezeflamex\seabreeze\flamexintegration\os-support\windows\visualstudio2015\vsproj\x64\release\serialnumberfeature.obj
z:\windows_share\oceanopticsprojects\working\seabreezeflamex\seabreeze\flamexintegration\os-support\windows\visualstudio2015\vsproj\x64\release\shutterfeature.obj
z:\windows_share\oceanopticsprojects\working\seabreezeflamex\seabreeze\flamexintegration\os-support\windows\visualstudio2015\vsproj\x64\release\apexspectrometerfeature.obj
z:\windows_share\oceanopticsprojects\working\seabreezeflamex\seabreeze\flamexintegration\os-support\windows\visualstudio2015\vsproj\x64\release\flamexspectrometerfeature.obj
z:\windows_share\oceanopticsprojects\working\seabreezeflamex\seabreeze\flamexintegration\os-support\windows\visualstudio2015\vsproj\x64\release\flamenirspectrometerfeature.obj
z:\windows_share\oceanopticsprojects\working\seabreezeflamex\seabreeze\flamexintegration\os-support\windows\visualstudio2015\vsproj\x64\release\gainadjustedspectrometerfeature.obj
z:\windows_share\oceanopticsprojects\working\seabreezeflamex\seabreeze\flamexintegration\os-support\windows\visualstudio2015\vsproj\x64\release\hr2000plusspectrometerfeature.obj
z:\windows_share\oceanopticsprojects\working\seabreezeflamex\seabreeze\flamexintegration\os-support\windows\visualstudio2015\vsproj\x64\release\hr2000spectrometerfeature.obj
z:\windows_share\oceanopticsprojects\working\seabreezeflamex\seabreeze\flamexintegration\os-support\windows\visualstudio2015\vsproj\x64\release\hr4000spectrometerfeature.obj
z:\windows_share\oceanopticsprojects\working\seabreezeflamex\seabreeze\flamexintegration\os-support\windows\visualstudio2015\vsproj\x64\release\acquisitiondelayfeature.obj
z:\windows_share\oceanopticsprojects\working\seabreezeflamex\seabreeze\flamexintegration\os-support\windows\visualstudio2015\vsproj\x64\release\acquisitiondelayfeature_fpga.obj
z:\windows_share\oceanopticsprojects\working\seabreezeflamex\seabreeze\flamexintegration\os-support\windows\visualstudio2015\vsproj\x64\release\stsacquisitiondelayfeature.obj
z:\windows_share\oceanopticsprojects\working\seabreezeflamex\seabreeze\flamexintegration\os-support\windows\visualstudio2015\vsproj\x64\release\continuousstrobefeature.obj
z:\windows_share\oceanopticsprojects\working\seabreezeflamex\seabreeze\flamexintegration\os-support\windows\visualstudio2015\vsproj\x64\release\continuousstrobefeature_fpga.obj
z:\windows_share\oceanopticsprojects\working\seabreezeflamex\seabreeze\flamexintegration\os-support\windows\visualstudio2015\vsproj\x64\release\databufferfeaturebase.obj
z:\windows_share\oceanopticsprojects\working\seabreezeflamex\seabreeze\flamexintegration\os-support\windows\visualstudio2015\vsproj\x64\release\qeprodatabufferfeature.obj
z:\windows_share\oceanopticsprojects\working\seabreezeflamex\seabreeze\flamexintegration\os-support\windows\visualstudio2015\vsproj\x64\release\eepromslotfeature.obj
z:\windows_share\oceanopticsprojects\working\seabreezeflamex\seabreeze\flamexintegration\os-support\windows\visualstudio2015\vsproj\x64\release\eepromslotfeaturebase.obj
z:\windows_share\oceanopticsprojects\working\seabreezeflamex\seabreeze\flamexintegration\os-support\windows\visualstudio2015\vsproj\x64\release\nonlinearityeepromslotfeature.obj
z:\windows_share\oceanopticsprojects\working\seabreezeflamex\seabreeze\flamexintegration\os-support\windows\visualstudio2015\vsproj\x64\release\saturationeepromslotfeature.obj
z:\windows_share\oceanopticsprojects\working\seabreezeflamex\seabreeze\flamexintegration\os-support\windows\visualstudio2015\vsproj\x64\release\saturationeepromslotfeaturebase.obj
z:\windows_share\oceanopticsprojects\working\seabreezeflamex\seabreeze\flamexintegration\os-support\windows\visualstudio2015\vsproj\x64\release\saturationeepromslotfeature_mayapro.obj
z:\windows_share\oceanopticsprojects\working\seabreezeflamex\seabreeze\flamexintegration\os-support\windows\visualstudio2015\vsproj\x64\release\saturationeepromslotfeature_nirquest.obj
z:\windows_share\oceanopticsprojects\working\seabreezeflamex\seabreeze\flamexintegration\os-support\windows\visualstudio2015\vsproj\x64\release\serialnumbereepromslotfeature.obj
z:\windows_share\oceanopticsprojects\working\seabreezeflamex\seabreeze\flamexintegration\os-support\windows\visualstudio2015\vsproj\x64\release\straylighteepromslotfeature.obj
z:\windows_share\oceanopticsprojects\working\seabreezeflamex\seabreeze\flamexintegration\os-support\windows\visualstudio2015\vsproj\x64\release\wavelengtheepromslotfeature.obj
z:\windows_share\oceanopticsprojects\working\seabreezeflamex\seabreeze\flamexintegration\os-support\windows\visualstudio2015\vsproj\x64\release\wavelengtheepromslotfeature_qe65000.obj
z:\windows_share\oceanopticsprojects\working\seabreezeflamex\seabreeze\flamexintegration\os-support\windows\visualstudio2015\vsproj\x64\release\fpgaregisterfeature.obj
z:\windows_share\oceanopticsprojects\working\seabreezeflamex\seabreeze\flamexintegration\os-support\windows\visualstudio2015\vsproj\x64\release\introspectionfeature.obj
z:\windows_share\oceanopticsprojects\working\seabreezeflamex\seabreeze\flamexintegration\os-support\windows\visualstudio2015\vsproj\x64\release\flamex.obj
z:\windows_share\oceanopticsprojects\working\seabreezeflamex\seabreeze\flamexintegration\os-support\windows\visualstudio2015\vsproj\x64\release\flamenir.obj
z:\windows_share\oceanopticsprojects\working\seabreezeflamex\seabreeze\flamexintegration\os-support\windows\visualstudio2015\vsproj\x64\release\hr2000.obj
z:\windows_share\oceanopticsprojects\working\seabreezeflamex\seabreeze\flamexintegration\os-support\windows\visualstudio2015\vsproj\x64\release\hr2000plus.obj
z:\windows_share\oceanopticsprojects\working\seabreezeflamex\seabreeze\flamexintegration\os-support\windows\visualstudio2015\vsproj\x64\release\hr4000.obj
z:\windows_share\oceanopticsprojects\working\seabreezeflamex\seabreeze\flamexintegration\os-support\windows\visualstudio2015\vsproj\x64\release\jaz.obj
z:\windows_share\oceanopticsprojects\working\seabreezeflamex\seabreeze\flamexintegration\os-support\windows\visualstudio2015\vsproj\x64\release\maya2000.obj
z:\windows_share\oceanopticsprojects\working\seabreezeflamex\seabreeze\flamexintegration\os-support\windows\visualstudio2015\vsproj\x64\release\maya2000pro.obj
z:\windows_share\oceanopticsprojects\working\seabreezeflamex\seabreeze\flamexintegration\os-support\windows\visualstudio2015\vsproj\x64\release\mayalsl.obj
z:\windows_share\oceanopticsprojects\working\seabreezeflamex\seabreeze\flamexintegration\os-support\windows\visualstudio2015\vsproj\x64\release\nirquest256.obj
z:\windows_share\oceanopticsprojects\working\seabreezeflamex\seabreeze\flamexintegration\os-support\windows\visualstudio2015\vsproj\x64\release\nirquest512.obj
z:\windows_share\oceanopticsprojects\working\seabreezeflamex\seabreeze\flamexintegration\os-support\windows\visualstudio2015\vsproj\x64\release\qe65000.obj
z:\windows_share\oceanopticsprojects\working\seabreezeflamex\seabreeze\flamexintegration\os-support\windows\visualstudio2015\vsproj\x64\release\qepro.obj
z:\windows_share\oceanopticsprojects\working\seabreezeflamex\seabreeze\flamexintegration\os-support\windows\visualstudio2015\vsproj\x64\release\sts.obj
z:\windows_share\oceanopticsprojects\working\seabreezeflamex\seabreeze\flamexintegration\os-support\windows\visualstudio2015\vsproj\x64\release\spark.obj
z:\windows_share\oceanopticsprojects\working\seabreezeflamex\seabreeze\flamexintegration\os-support\windows\visualstudio2015\vsproj\x64\release\torus.obj
z:\windows_share\oceanopticsprojects\working\seabreezeflamex\seabreeze\flamexintegration\os-support\windows\visualstudio2015\vsproj\x64\release\usb2000.obj
z:\windows_share\oceanopticsprojects\working\seabreezeflamex\seabreeze\flamexintegration\os-support\windows\visualstudio2015\vsproj\x64\release\usb2000plus.obj
z:\windows_share\oceanopticsprojects\working\seabreezeflamex\seabreeze\flamexintegration\os-support\windows\visualstudio2015\vsproj\x64\release\usb4000.obj
z:\windows_share\oceanopticsprojects\working\seabreezeflamex\seabreeze\flamexintegration\os-support\windows\visualstudio2015\vsproj\x64\release\ventana.obj
z:\windows_share\oceanopticsprojects\working\seabreezeflamex\seabreeze\flamexintegration\os-support\windows\visualstudio2015\vsproj\x64\release\maya2000usb.obj
z:\windows_share\oceanopticsprojects\working\seabreezeflamex\seabreeze\flamexintegration\os-support\windows\visualstudio2015\vsproj\x64\release\mayalslusb.obj
z:\windows_share\oceanopticsprojects\working\seabreezeflamex\seabreeze\flamexintegration\os-support\windows\visualstudio2015\vsproj\x64\release\nirquest256usb.obj
z:\windows_share\oceanopticsprojects\working\seabreezeflamex\seabreeze\flamexintegration\os-support\windows\visualstudio2015\vsproj\x64\release\nirquest512usb.obj
z:\windows_share\oceanopticsprojects\working\seabreezeflamex\seabreeze\flamexintegration\os-support\windows\visualstudio2015\vsproj\x64\release\ooiusb4kspectrumtransferhelper.obj
z:\windows_share\oceanopticsprojects\working\seabreezeflamex\seabreeze\flamexintegration\os-support\windows\visualstudio2015\vsproj\x64\release\ooiusbcontroltransferhelper.obj
z:\windows_share\oceanopticsprojects\working\seabreezeflamex\seabreeze\flamexintegration\os-support\windows\visualstudio2015\vsproj\x64\release\ooiusbendpointmaps.obj
z:\windows_share\oceanopticsprojects\working\seabreezeflamex\seabreeze\flamexintegration\os-support\windows\visualstudio2015\vsproj\x64\release\ooiusbinterface.obj
z:\windows_share\oceanopticsprojects\working\seabreezeflamex\seabreeze\flamexintegration\os-support\windows\visualstudio2015\vsproj\x64\release\ooiusbspectrumtransferhelper.obj
z:\windows_share\oceanopticsprojects\working\seabreezeflamex\seabreeze\flamexintegration\os-support\windows\visualstudio2015\vsproj\x64\release\ooiusbtrivialtransferhelper.obj
z:\windows_share\oceanopticsprojects\working\seabreezeflamex\seabreeze\flamexintegration\os-support\windows\visualstudio2015\vsproj\x64\release\qe65000usb.obj
z:\windows_share\oceanopticsprojects\working\seabreezeflamex\seabreeze\flamexintegration\os-support\windows\visualstudio2015\vsproj\x64\release\qeprousb.obj
z:\windows_share\oceanopticsprojects\working\seabreezeflamex\seabreeze\flamexintegration\os-support\windows\visualstudio2015\vsproj\x64\release\stsusb.obj
z:\windows_share\oceanopticsprojects\working\seabreezeflamex\seabreeze\flamexintegration\os-support\windows\visualstudio2015\vsproj\x64\release\sparkusb.obj
z:\windows_share\oceanopticsprojects\working\seabreezeflamex\seabreeze\flamexintegration\os-support\windows\visualstudio2015\vsproj\x64\release\torususb.obj
z:\windows_share\oceanopticsprojects\working\seabreezeflamex\seabreeze\flamexintegration\os-support\windows\visualstudio2015\vsproj\x64\release\usb2000plususb.obj
z:\windows_share\oceanopticsprojects\working\seabreezeflamex\seabreeze\flamexintegration\os-support\windows\visualstudio2015\vsproj\x64\release\usb2000usb.obj
z:\windows_share\oceanopticsprojects\working\seabreezeflamex\seabreeze\flamexintegration\os-support\windows\visualstudio2015\vsproj\x64\release\usb4000usb.obj
z:\windows_share\oceanopticsprojects\working\seabreezeflamex\seabreeze\flamexintegration\os-support\windows\visualstudio2015\vsproj\x64\release\ventanausb.obj
z:\windows_share\oceanopticsprojects\working\seabreezeflamex\seabreeze\flamexintegration\os-support\windows\visualstudio2015\vsproj\x64\release\apex.obj
z:\windows_share\oceanopticsprojects\working\seabreezeflamex\seabreeze\flamexintegration\os-support\windows\visualstudio2015\vsproj\x64\release\socketexception.obj
z:\windows_share\oceanopticsprojects\working\seabreezeflamex\seabreeze\flamexintegration\os-support\windows\visualstudio2015\vsproj\x64\release\sockettimeoutexception.obj
z:\windows_share\oceanopticsprojects\working\seabreezeflamex\seabreeze\flamexintegration\os-support\windows\visualstudio2015\vsproj\x64\release\unknownhostexception.obj
z:\windows_share\oceanopticsprojects\working\seabreezeflamex\seabreeze\flamexintegration\os-support\windows\visualstudio2015\vsproj\x64\release\nativesocketwindows.obj
z:\windows_share\oceanopticsprojects\working\seabreezeflamex\seabreeze\flamexintegration\os-support\windows\visualstudio2015\vsproj\x64\release\rs232.obj
z:\windows_share\oceanopticsprojects\working\seabreezeflamex\seabreeze\flamexintegration\os-support\windows\visualstudio2015\vsproj\x64\release\system.obj
z:\windows_share\oceanopticsprojects\working\seabreezeflamex\seabreeze\flamexintegration\os-support\windows\visualstudio2015\vsproj\x64\release\usb.obj
z:\windows_share\oceanopticsprojects\working\seabreezeflamex\seabreeze\flamexintegration\os-support\windows\visualstudio2015\vsproj\x64\release\usbdiscovery.obj
z:\windows_share\oceanopticsprojects\working\seabreezeflamex\seabreeze\flamexintegration\os-support\windows\visualstudio2015\vsproj\x64\release\flamextcpipv4.obj
z:\windows_share\oceanopticsprojects\working\seabreezeflamex\seabreeze\flamexintegration\os-support\windows\visualstudio2015\vsproj\x64\release\jaztcpipv4.obj
z:\windows_share\oceanopticsprojects\working\seabreezeflamex\seabreeze\flamexintegration\os-support\windows\visualstudio2015\vsproj\x64\release\ooirs232interface.obj
z:\windows_share\oceanopticsprojects\working\seabreezeflamex\seabreeze\flamexintegration\os-support\windows\visualstudio2015\vsproj\x64\release\apexusb.obj
z:\windows_share\oceanopticsprojects\working\seabreezeflamex\seabreeze\flamexintegration\os-support\windows\visualstudio2015\vsproj\x64\release\flamexusb.obj
z:\windows_share\oceanopticsprojects\working\seabreezeflamex\seabreeze\flamexintegration\os-support\windows\visualstudio2015\vsproj\x64\release\flamexusbtransferhelper.obj
z:\windows_share\oceanopticsprojects\working\seabreezeflamex\seabreeze\flamexintegration\os-support\windows\visualstudio2015\vsproj\x64\release\flamenirusb.obj
z:\windows_share\oceanopticsprojects\working\seabreezeflamex\seabreeze\flamexintegration\os-support\windows\visualstudio2015\vsproj\x64\release\hr2000plususb.obj
z:\windows_share\oceanopticsprojects\working\seabreezeflamex\seabreeze\flamexintegration\os-support\windows\visualstudio2015\vsproj\x64\release\hr2000usb.obj
z:\windows_share\oceanopticsprojects\working\seabreezeflamex\seabreeze\flamexintegration\os-support\windows\visualstudio2015\vsproj\x64\release\hr4000usb.obj
z:\windows_share\oceanopticsprojects\working\seabreezeflamex\seabreeze\flamexintegration\os-support\windows\visualstudio2015\vsproj\x64\release\jazusb.obj
z:\windows_share\oceanopticsprojects\working\seabreezeflamex\seabreeze\flamexintegration\os-support\windows\visualstudio2015\vsproj\x64\release\maya2000prousb.obj
z:\windows_share\oceanopticsprojects\working\seabreezeflamex\seabreeze\flamexintegration\os-support\windows\visualstudio2015\vsproj\x64\release\bustransferexception.obj
z:\windows_share\oceanopticsprojects\working\seabreezeflamex\seabreeze\flamexintegration\os-support\windows\visualstudio2015\vsproj\x64\release\featurecontrolexception.obj
z:\windows_share\oceanopticsprojects\working\seabreezeflamex\seabreeze\flamexintegration\os-support\windows\visualstudio2015\vsproj\x64\release\featureexception.obj
z:\windows_share\oceanopticsprojects\working\seabreezeflamex\seabreeze\flamexintegration\os-support\windows\visualstudio2015\vsproj\x64\release\featureprotocolnotfoundexception.obj
z:\windows_share\oceanopticsprojects\working\seabreezeflamex\seabreeze\flamexintegration\os-support\windows\visualstudio2015\vsproj\x64\release\illegalargumentexception.obj
z:\windows_share\oceanopticsprojects\working\seabreezeflamex\seabreeze\flamexintegration\os-support\windows\visualstudio2015\vsproj\x64\release\numberformatexception.obj
z:\windows_share\oceanopticsprojects\working\seabreezeflamex\seabreeze\flamexintegration\os-support\windows\visualstudio2015\vsproj\x64\release\protocolbusmismatchexception.obj
z:\windows_share\oceanopticsprojects\working\seabreezeflamex\seabreeze\flamexintegration\os-support\windows\visualstudio2015\vsproj\x64\release\protocolexception.obj
z:\windows_share\oceanopticsprojects\working\seabreezeflamex\seabreeze\flamexintegration\os-support\windows\visualstudio2015\vsproj\x64\release\protocolformatexception.obj
z:\windows_share\oceanopticsprojects\working\seabreezeflamex\seabreeze\flamexintegration\os-support\windows\visualstudio2015\vsproj\x64\release\protocoltransactionexception.obj
z:\windows_share\oceanopticsprojects\working\seabreezeflamex\seabreeze\flamexintegration\os-support\windows\visualstudio2015\vsproj\x64\release\featurefamily.obj
z:\windows_share\oceanopticsprojects\working\seabreezeflamex\seabreeze\flamexintegration\os-support\windows\visualstudio2015\vsproj\x64\release\featureimpl.obj
z:\windows_share\oceanopticsprojects\working\seabreezeflamex\seabreeze\flamexintegration\os-support\windows\visualstudio2015\vsproj\x64\release\exchange.obj
z:\windows_share\oceanopticsprojects\working\seabreezeflamex\seabreeze\flamexintegration\os-support\windows\visualstudio2015\vsproj\x64\release\protocol.obj
z:\windows_share\oceanopticsprojects\working\seabreezeflamex\seabreeze\flamexintegration\os-support\windows\visualstudio2015\vsproj\x64\release\protocolfamily.obj
z:\windows_share\oceanopticsprojects\working\seabreezeflamex\seabreeze\flamexintegration\os-support\windows\visualstudio2015\vsproj\x64\release\protocolhelper.obj
z:\windows_share\oceanopticsprojects\working\seabreezeflamex\seabreeze\flamexintegration\os-support\windows\visualstudio2015\vsproj\x64\release\protocolhint.obj
z:\windows_share\oceanopticsprojects\working\seabreezeflamex\seabreeze\flamexintegration\os-support\windows\visualstudio2015\vsproj\x64\release\transaction.obj
z:\windows_share\oceanopticsprojects\working\seabreezeflamex\seabreeze\flamexintegration\os-support\windows\visualstudio2015\vsproj\x64\release\transfer.obj
z:\windows_share\oceanopticsprojects\working\seabreezeflamex\seabreeze\flamexintegration\os-support\windows\visualstudio2015\vsproj\x64\release\inet4address.obj
z:\windows_share\oceanopticsprojects\working\seabreezeflamex\seabreeze\flamexintegration\os-support\windows\visualstudio2015\vsproj\x64\release\ushortvector.obj
z:\windows_share\oceanopticsprojects\working\seabreezeflamex\seabreeze\flamexintegration\os-support\windows\visualstudio2015\vsproj\x64\release\unitdescriptor.obj
z:\windows_share\oceanopticsprojects\working\seabreezeflamex\seabreeze\flamexintegration\os-support\windows\visualstudio2015\vsproj\x64\release\bus.obj
z:\windows_share\oceanopticsprojects\working\seabreezeflamex\seabreeze\flamexintegration\os-support\windows\visualstudio2015\vsproj\x64\release\busfamilies.obj
z:\windows_share\oceanopticsprojects\working\seabreezeflamex\seabreeze\flamexintegration\os-support\windows\visualstudio2015\vsproj\x64\release\busfamily.obj
z:\windows_share\oceanopticsprojects\working\seabreezeflamex\seabreeze\flamexintegration\os-support\windows\visualstudio2015\vsproj\x64\release\devicelocationproberinterface.obj
z:\windows_share\oceanopticsprojects\working\seabreezeflamex\seabreeze\flamexintegration\os-support\windows\visualstudio2015\vsproj\x64\release\transferhelper.obj
z:\windows_share\oceanopticsprojects\working\seabreezeflamex\seabreeze\flamexintegration\os-support\windows\visualstudio2015\vsproj\x64\release\ipv4networkprotocol.obj
z:\windows_share\oceanopticsprojects\working\seabreezeflamex\seabreeze\flamexintegration\os-support\windows\visualstudio2015\vsproj\x64\release\ipv4socketdevicelocator.obj
z:\windows_share\oceanopticsprojects\working\seabreezeflamex\seabreeze\flamexintegration\os-support\windows\visualstudio2015\vsproj\x64\release\tcpipv4socketbus.obj
z:\windows_share\oceanopticsprojects\working\seabreezeflamex\seabreeze\flamexintegration\os-support\windows\visualstudio2015\vsproj\x64\release\tcpipv4sockettransferhelper.obj
z:\windows_share\oceanopticsprojects\working\seabreezeflamex\seabreeze\flamexintegration\os-support\windows\visualstudio2015\vsproj\x64\release\rs232devicelocator.obj
z:\windows_share\oceanopticsprojects\working\seabreezeflamex\seabreeze\flamexintegration\os-support\windows\visualstudio2015\vsproj\x64\release\rs232interface.obj
z:\windows_share\oceanopticsprojects\working\seabreezeflamex\seabreeze\flamexintegration\os-support\windows\visualstudio2015\vsproj\x64\release\rs232transferhelper.obj
z:\windows_share\oceanopticsprojects\working\seabreezeflamex\seabreeze\flamexintegration\os-support\windows\visualstudio2015\vsproj\x64\release\usbdevicelocator.obj
z:\windows_share\oceanopticsprojects\working\seabreezeflamex\seabreeze\flamexintegration\os-support\windows\visualstudio2015\vsproj\x64\release\usbinterface.obj
z:\windows_share\oceanopticsprojects\working\seabreezeflamex\seabreeze\flamexintegration\os-support\windows\visualstudio2015\vsproj\x64\release\usbtransferhelper.obj
z:\windows_share\oceanopticsprojects\working\seabreezeflamex\seabreeze\flamexintegration\os-support\windows\visualstudio2015\vsproj\x64\release\device.obj
z:\windows_share\oceanopticsprojects\working\seabreezeflamex\seabreeze\flamexintegration\os-support\windows\visualstudio2015\vsproj\x64\release\busconnectexception.obj
z:\windows_share\oceanopticsprojects\working\seabreezeflamex\seabreeze\flamexintegration\os-support\windows\visualstudio2015\vsproj\x64\release\busexception.obj
z:\windows_share\oceanopticsprojects\working\seabreezeflamex\seabreeze\flamexintegration\os-support\windows\visualstudio2015\vsproj\x64\release\opticalbenchfeatureadapter.obj
z:\windows_share\oceanopticsprojects\working\seabreezeflamex\seabreeze\flamexintegration\os-support\windows\visualstudio2015\vsproj\x64\release\pixelbinningfeatureadapter.obj
z:\windows_share\oceanopticsprojects\working\seabreezeflamex\seabreeze\flamexintegration\os-support\windows\visualstudio2015\vsproj\x64\release\protocolfamilies.obj
z:\windows_share\oceanopticsprojects\working\seabreezeflamex\seabreeze\flamexintegration\os-support\windows\visualstudio2015\vsproj\x64\release\rawusbbusaccessfeatureadapter.obj
z:\windows_share\oceanopticsprojects\working\seabreezeflamex\seabreeze\flamexintegration\os-support\windows\visualstudio2015\vsproj\x64\release\revisionfeatureadapter.obj
z:\windows_share\oceanopticsprojects\working\seabreezeflamex\seabreeze\flamexintegration\os-support\windows\visualstudio2015\vsproj\x64\release\seabreezeapi.obj
z:\windows_share\oceanopticsprojects\working\seabreezeflamex\seabreeze\flamexintegration\os-support\windows\visualstudio2015\vsproj\x64\release\serialnumberfeatureadapter.obj
z:\windows_share\oceanopticsprojects\working\seabreezeflamex\seabreeze\flamexintegration\os-support\windows\visualstudio2015\vsproj\x64\release\shutterfeatureadapter.obj
z:\windows_share\oceanopticsprojects\working\seabreezeflamex\seabreeze\flamexintegration\os-support\windows\visualstudio2015\vsproj\x64\release\spectrometerfeatureadapter.obj
z:\windows_share\oceanopticsprojects\working\seabreezeflamex\seabreeze\flamexintegration\os-support\windows\visualstudio2015\vsproj\x64\release\spectrumprocessingfeatureadapter.obj
z:\windows_share\oceanopticsprojects\working\seabreezeflamex\seabreeze\flamexintegration\os-support\windows\visualstudio2015\vsproj\x64\release\straylightcoeffsfeatureadapter.obj
z:\windows_share\oceanopticsprojects\working\seabreezeflamex\seabreeze\flamexintegration\os-support\windows\visualstudio2015\vsproj\x64\release\strobelampfeatureadapter.obj
z:\windows_share\oceanopticsprojects\working\seabreezeflamex\seabreeze\flamexintegration\os-support\windows\visualstudio2015\vsproj\x64\release\temperaturefeatureadapter.obj
z:\windows_share\oceanopticsprojects\working\seabreezeflamex\seabreeze\flamexintegration\os-support\windows\visualstudio2015\vsproj\x64\release\thermoelectriccoolerfeatureadapter.obj
z:\windows_share\oceanopticsprojects\working\seabreezeflamex\seabreeze\flamexintegration\os-support\windows\visualstudio2015\vsproj\x64\release\bytevector.obj
z:\windows_share\oceanopticsprojects\working\seabreezeflamex\seabreeze\flamexintegration\os-support\windows\visualstudio2015\vsproj\x64\release\data.obj
z:\windows_share\oceanopticsprojects\working\seabreezeflamex\seabreeze\flamexintegration\os-support\windows\visualstudio2015\vsproj\x64\release\doublevector.obj
z:\windows_share\oceanopticsprojects\working\seabreezeflamex\seabreeze\flamexintegration\os-support\windows\visualstudio2015\vsproj\x64\release\floatvector.obj
z:\windows_share\oceanopticsprojects\working\seabreezeflamex\seabreeze\flamexintegration\os-support\windows\visualstudio2015\vsproj\x64\release\log.obj
z:\windows_share\oceanopticsprojects\working\seabreezeflamex\seabreeze\flamexintegration\os-support\windows\visualstudio2015\vsproj\x64\release\u32vector.obj
z:\windows_share\oceanopticsprojects\working\seabreezeflamex\seabreeze\flamexintegration\os-support\windows\visualstudio2015\vsproj\x64\release\devicefactory.obj
z:\windows_share\oceanopticsprojects\working\seabreezeflamex\seabreeze\flamexintegration\os-support\windows\visualstudio2015\vsproj\x64\release\introspectionfeatureadapter.obj
z:\windows_share\oceanopticsprojects\working\seabreezeflamex\seabreeze\flamexintegration\os-support\windows\visualstudio2015\vsproj\x64\release\seabreezeapi_impl.obj
z:\windows_share\oceanopticsprojects\working\seabreezeflamex\seabreeze\flamexintegration\os-support\windows\visualstudio2015\vsproj\x64\release\seabreezewrapper.obj
z:\windows_share\oceanopticsprojects\working\seabreezeflamex\seabreeze\flamexintegration\os-support\windows\visualstudio2015\vsproj\x64\release\acquisitiondelayfeatureadapter.obj
z:\windows_share\oceanopticsprojects\working\seabreezeflamex\seabreeze\flamexintegration\os-support\windows\visualstudio2015\vsproj\x64\release\continuousstrobefeatureadapter.obj
z:\windows_share\oceanopticsprojects\working\seabreezeflamex\seabreeze\flamexintegration\os-support\windows\visualstudio2015\vsproj\x64\release\databufferfeatureadapter.obj
z:\windows_share\oceanopticsprojects\working\seabreezeflamex\seabreeze\flamexintegration\os-support\windows\visualstudio2015\vsproj\x64\release\deviceadapter.obj
z:\windows_share\oceanopticsprojects\working\seabreezeflamex\seabreeze\flamexintegration\os-support\windows\visualstudio2015\vsproj\x64\release\eepromfeatureadapter.obj
z:\windows_share\oceanopticsprojects\working\seabreezeflamex\seabreeze\flamexintegration\os-support\windows\visualstudio2015\vsproj\x64\release\featurefamilies.obj
z:\windows_share\oceanopticsprojects\working\seabreezeflamex\seabreeze\flamexintegration\os-support\windows\visualstudio2015\vsproj\x64\release\irradcalfeatureadapter.obj
z:\windows_share\oceanopticsprojects\working\seabreezeflamex\seabreeze\flamexintegration\os-support\windows\visualstudio2015\vsproj\x64\release\lightsourcefeatureadapter.obj
z:\windows_share\oceanopticsprojects\working\seabreezeflamex\seabreeze\flamexintegration\os-support\windows\visualstudio2015\vsproj\x64\release\nonlinearitycoeffsfeatureadapter.obj
z:\windows_share\oceanopticsprojects\working\seabreezeflamex\seabreeze\flamexintegration\os-support\windows\visualstudio2015\vsproj\x64\release\nativers232windows.obj
z:\windows_share\oceanopticsprojects\working\seabreezeflamex\seabreeze\flamexintegration\os-support\windows\visualstudio2015\vsproj\x64\release\nativesystemwindows.obj
z:\windows_share\oceanopticsprojects\working\seabreezeflamex\seabreeze\flamexintegration\os-support\windows\visualstudio2015\vsproj\x64\release\nativeusbwinusb.obj
z:\windows_share\oceanopticsprojects\working\seabreezeflamex\seabreeze\flamexintegration\os-support\windows\visualstudio2015\x64\release\seabreeze.dll
z:\windows_share\oceanopticsprojects\working\seabreezeflamex\seabreeze\flamexintegration\os-support\windows\visualstudio2015\x64\release\seabreeze.lib
z:\windows_share\oceanopticsprojects\working\seabreezeflamex\seabreeze\flamexintegration\os-support\windows\visualstudio2015\x64\release\seabreeze.exp
z:\windows_share\oceanopticsprojects\working\seabreezeflamex\seabreeze\flamexintegration\os-support\windows\visualstudio2015\vsproj\x64\release\seabreeze.res
z:\windows_share\oceanopticsprojects\working\seabreezeflamex\seabreeze\flamexintegration\os-support\windows\visualstudio2015\vsproj\x64\release\seabreeze.tlog\cl.command.1.tlog
z:\windows_share\oceanopticsprojects\working\seabreezeflamex\seabreeze\flamexintegration\os-support\windows\visualstudio2015\vsproj\x64\release\seabreeze.tlog\cl.read.1.tlog
z:\windows_share\oceanopticsprojects\working\seabreezeflamex\seabreeze\flamexintegration\os-support\windows\visualstudio2015\vsproj\x64\release\seabreeze.tlog\cl.write.1.tlog
z:\windows_share\oceanopticsprojects\working\seabreezeflamex\seabreeze\flamexintegration\os-support\windows\visualstudio2015\vsproj\x64\release\seabreeze.tlog\link.command.1.tlog
z:\windows_share\oceanopticsprojects\working\seabreezeflamex\seabreeze\flamexintegration\os-support\windows\visualstudio2015\vsproj\x64\release\seabreeze.tlog\link.read.1.tlog
z:\windows_share\oceanopticsprojects\working\seabreezeflamex\seabreeze\flamexintegration\os-support\windows\visualstudio2015\vsproj\x64\release\seabreeze.tlog\link.write.1.tlog
z:\windows_share\oceanopticsprojects\working\seabreezeflamex\seabreeze\flamexintegration\os-support\windows\visualstudio2015\vsproj\x64\release\seabreeze.tlog\rc.command.1.tlog
z:\windows_share\oceanopticsprojects\working\seabreezeflamex\seabreeze\flamexintegration\os-support\windows\visualstudio2015\vsproj\x64\release\seabreeze.tlog\rc.read.1.tlog
z:\windows_share\oceanopticsprojects\working\seabreezeflamex\seabreeze\flamexintegration\os-support\windows\visualstudio2015\vsproj\x64\release\seabreeze.tlog\rc.write.1.tlog
z:\windows_share\oceanopticsprojects\working\seabreezeflamex\seabreeze\flamexintegration\os-support\windows\visualstudio2015\vsproj\x64\release\seabreeze.tlog\seabreeze.write.1u.tlog
