  OOITECProtocol.cpp
  OOIStrobeLampProtocol.cpp
  OOISpectrometerProtocol.cpp
  OOIProtocol.cpp
  OOIIrradCalProtocol.cpp
..\..\..\..\src\vendors\OceanOptics\protocols\ooi\impls\OOIIrradCalProtocol.cpp(119): warning C4100: 'bus': unreferenced formal parameter
..\..\..\..\src\vendors\OceanOptics\protocols\ooi\impls\OOIIrradCalProtocol.cpp(127): warning C4100: 'bus': unreferenced formal parameter
..\..\..\..\src\vendors\OceanOptics\protocols\ooi\impls\OOIIrradCalProtocol.cpp(133): warning C4100: 'area': unreferenced formal parameter
..\..\..\..\src\vendors\OceanOptics\protocols\ooi\impls\OOIIrradCalProtocol.cpp(133): warning C4100: 'bus': unreferenced formal parameter
  OOIEEPROMProtocol.cpp
  FPGARegisterProtocol.cpp
..\..\..\..\src\vendors\OceanOptics\protocols\ooi\impls\FPGARegisterProtocol.cpp(93): warning C4244: 'argument': conversion from 'unsigned int' to 'unsigned short', possible loss of data
  SpectrumHint.cpp
  ControlHint.cpp
  WriteTECSetPointExchange.cpp
  WriteTECQESetPointExchange.cpp
  WriteEEPROMSlotExchange.cpp
  USBFPGASpectrumExchange.cpp
  TriggerModeExchange.cpp
  TECQEEnableExchange.cpp
  TECEnableExchange.cpp
  StrobeEnableExchange.cpp
  RequestSpectrumExchange.cpp
  ReadTECTemperatureExchange.cpp
  ReadTECQETemperatureExchange.cpp
  Generating Code...
  Compiling...
  ReadSpectrumExchange.cpp
  ReadEEPROMSlotExchange.cpp
  QESpectrumExchange.cpp
  OOIWriteIrradCalExchange.cpp
  OOIReadIrradCalExchange.cpp
  OOIIrradCalExchange.cpp
  OOI2KSpectrumExchange.cpp
  NIRQuestSpectrumExchange.cpp
  MayaProSpectrumExchange.cpp
  JazSpectrumExchange.cpp
  IntegrationTimeExchange.cpp
  HRFPGASpectrumExchange.cpp
  FlameNIRSpectrumExchange.cpp
  FPGASpectrumExchange.cpp
  FPGARegisterWriteExchange.cpp
  FPGARegisterReadExchange.cpp
  OpCodes.cpp
  FPGARegisterCodes.cpp
  OceanBinaryProtocol.cpp
  OBPWaveCalProtocol.cpp
  Generating Code...
  Compiling...
  OBPThermoElectricProtocol.cpp
  OBPTemperatureProtocol.cpp
..\..\..\..\src\vendors\OceanOptics\protocols\obp\impls\OBPTemperatureProtocol.cpp(72): warning C4244: 'return': conversion from 'int' to 'unsigned char', possible loss of data
  OBPStrobeLampProtocol.cpp
  OBPStrayLightCoeffsProtocol.cpp
  OBPSpectrumProcessingProtocol.cpp
  OBPSpectrometerProtocol.cpp
  OBPShutterProtocol.cpp
  OBPSerialNumberProtocol.cpp
  OBPRevisionProtocol.cpp
  OBPProgrammableSaturationProtocol.cpp
  OBPPixelBinningProtocol.cpp
  OBPOpticalBenchProtocol.cpp
  OBPNonlinearityCoeffsProtocol.cpp
  OBPLightSourceProtocol_Ventana.cpp
..\..\..\..\src\vendors\OceanOptics\protocols\obp\impls\OBPLightSourceProtocol_Ventana.cpp(62): warning C4100: 'bus': unreferenced formal parameter
..\..\..\..\src\vendors\OceanOptics\protocols\obp\impls\OBPLightSourceProtocol_Ventana.cpp(79): warning C4100: 'bus': unreferenced formal parameter
..\..\..\..\src\vendors\OceanOptics\protocols\obp\impls\OBPLightSourceProtocol_Ventana.cpp(97): warning C4100: 'bus': unreferenced formal parameter
..\..\..\..\src\vendors\OceanOptics\protocols\obp\impls\OBPLightSourceProtocol_Ventana.cpp(113): warning C4100: 'bus': unreferenced formal parameter
  OBPLightSourceProtocol.cpp
  OBPIrradCalProtocol.cpp
  OBPIntrospectionProtocol.cpp
  OBPDataBufferProtocol.cpp
..\..\..\..\src\vendors\OceanOptics\protocols\obp\impls\OBPDataBufferProtocol.cpp(135): warning C4100: 'bus': unreferenced formal parameter
  OBPContinuousStrobeProtocol.cpp
  OBPAcquisitionDelayProtocol.cpp
  Generating Code...
  Compiling...
  OBPSpectrumHint.cpp
  OBPControlHint.cpp
  OBPTriggerModeExchange.cpp
..\..\..\..\src\vendors\OceanOptics\protocols\obp\exchanges\OBPTriggerModeExchange.cpp(58): warning C4244: '=': conversion from 'int' to 'unsigned char', possible loss of data
  OBPTransaction.cpp
  OBPShutterExchange.cpp
  OBPSetThermoElectricSetpointExchange.cpp
  OBPSetThermoElectricEnableExchange.cpp
  OBPSetScansToAverageExchange.cpp
  OBPSetPixelBinningExchange.cpp
  OBPSetIrradCollectionAreaExchange.cpp
  OBPSetIrradCalExchange.cpp
  OBPSetDefaultPixelBinningFactorExchange.cpp
  OBPSetDataBufferCapacityExchange.cpp
  OBPSetBoxcarWidthExchange.cpp
  OBPSetAcquisitionDelayExchange.cpp
  OBPRequestSpectrumExchange.cpp
  OBPRequestRawSpectrumExchange.cpp
  OBPRequestBufferedSpectrum32AndMetadata.cpp
  OBPReadSpectrumWithGainExchange.cpp
  OBPReadSpectrumExchange.cpp
  Generating Code...
  Compiling...
  OBPReadSpectrum32AndMetadataExchange.cpp
  OBPReadRawSpectrumExchange.cpp
..\..\..\..\src\vendors\OceanOptics\protocols\obp\exchanges\OBPReadRawSpectrumExchange.cpp(110): warning C4244: 'argument': conversion from 'unsigned int' to 'char', possible loss of data
  OBPReadRawSpectrum32AndMetadataExchange.cpp
..\..\..\..\src\vendors\OceanOptics\protocols\obp\exchanges\OBPReadRawSpectrum32AndMetadataExchange.cpp(117): warning C4244: 'argument': conversion from 'unsigned int' to 'char', possible loss of data
  OBPQuery.cpp
  OBPMessage.cpp
  OBPLightSourceIntensityQuery.cpp
  OBPLightSourceIntensityCommand.cpp
  OBPLightSourceEnabledQuery.cpp
  OBPLightSourceEnableCommand.cpp
  OBPLampEnableCommand.cpp
  OBPIntegrationTimeExchange.cpp
  OBPGetWaveCalExchange.cpp
  OBPGetThermoElectricTemperatureExchange.cpp
  OBPGetTemperatureExchange.cpp
  OBPGetTemperatureCountExchange.cpp
  OBPGetStrayLightCoeffsCountExchange.cpp
  OBPGetStrayLightCoeffExchange.cpp
  OBPGetSerialNumberMaximumLengthExchange.cpp
  OBPGetSerialNumberExchange.cpp
  OBPGetScansToAverageExchange.cpp
  Generating Code...
  Compiling...
  OBPGetSaturationExchange.cpp
  OBPGetPixelBinningExchange.cpp
  OBPGetOpticalDarkPixelRangesExchange.cpp
  OBPGetOpticalBenchSlitWidthMicronsExchange.cpp
  OBPGetOpticalBenchSerialNumberExchange.cpp
  OBPGetOpticalBenchIDExchange.cpp
  OBPGetOpticalBenchGratingExchange.cpp
  OBPGetOpticalBenchFilterExchange.cpp
  OBPGetOpticalBenchFiberDiameterMicronsExchange.cpp
  OBPGetOpticalBenchCoatingExchange.cpp
  OBPGetNumberOfPixelsExchange.cpp
  OBPGetNonlinearityCoeffsCountExchange.cpp
  OBPGetNonlinearityCoeffExchange.cpp
  OBPGetMaxPixelBinningExchange.cpp
  OBPGetIrradCollectionAreaExchange.cpp
  OBPGetIrradCalExchange.cpp
  OBPGetHardwareRevisionExchange.cpp
  OBPGetFirmwareRevisionExchange.cpp
  OBPGetElectricDarkPixelRangesExchange.cpp
  OBPGetDefaultPixelBinningExchange.cpp
  Generating Code...
  Compiling...
  OBPGetDataBufferMaximumCapacityExchange.cpp
  OBPGetDataBufferCountExchange.cpp
  OBPGetDataBufferCapacityExchange.cpp
  OBPGetBoxcarWidthExchange.cpp
  OBPGetAllTemperaturesExchange.cpp
  OBPGetActivePixelRangesExchange.cpp
  OBPDataBufferClearExchange.cpp
  OBPContinuousStrobePeriodExchange.cpp
  OBPContinuousStrobeEnableExchange.cpp
  OBPCommand.cpp
  WaveCalProtocolInterface.cpp
  ThermoElectricProtocolInterface.cpp
  TemperatureProtocolInteface.cpp
  StrobeLampProtocolInterface.cpp
  StrayLightCoeffsProtocolInterface.cpp
  SpectrumProcessingProtocolInteface.cpp
  SpectrometerProtocolInterface.cpp
  ShutterProtocolInterface.cpp
  SerialNumberProtocolInterface.cpp
  RevisionProtocolInteface.cpp
  Generating Code...
  Compiling...
  ProgrammableSaturationProtocolInteface.cpp
  PixelBinningProtocolInterface.cpp
  OpticalBenchProtocolInteface.cpp
  NonlinearityCoeffsProtocolInterface.cpp
  LightSourceProtocolInterface.cpp
  IrradCalProtocolInterface.cpp
  IntrospectionProtocolInterface.cpp
  FPGARegisterProtocolInterface.cpp
  EEPROMProtocolInterface.cpp
  DataBufferProtocolInterface.cpp
  ContinuousStrobeProtocolInterface.cpp
  AcquisitionDelayProtocolInterface.cpp
  WaveCalFeature.cpp
  VentanaThermoElectricFeature.cpp
..\..\..\..\src\vendors\OceanOptics\features\thermoelectric\VentanaThermoElectricFeature.cpp(53): warning C4100: 'bus': unreferenced formal parameter
..\..\..\..\src\vendors\OceanOptics\features\thermoelectric\VentanaThermoElectricFeature.cpp(52): warning C4100: 'protocol': unreferenced formal parameter
..\..\..\..\src\vendors\OceanOptics\features\thermoelectric\VentanaThermoElectricFeature.cpp(59): warning C4100: 'bus': unreferenced formal parameter
..\..\..\..\src\vendors\OceanOptics\features\thermoelectric\VentanaThermoElectricFeature.cpp(59): warning C4100: 'protocol': unreferenced formal parameter
  ThermoElectricQEFeature.cpp
  ThermoElectricFeatureBase.cpp
  QEProThermoElectricFeature.cpp
..\..\..\..\src\vendors\OceanOptics\features\thermoelectric\QEProThermoElectricFeature.cpp(51): warning C4100: 'bus': unreferenced formal parameter
..\..\..\..\src\vendors\OceanOptics\features\thermoelectric\QEProThermoElectricFeature.cpp(50): warning C4100: 'protocol': unreferenced formal parameter
..\..\..\..\src\vendors\OceanOptics\features\thermoelectric\QEProThermoElectricFeature.cpp(56): warning C4100: 'bus': unreferenced formal parameter
..\..\..\..\src\vendors\OceanOptics\features\thermoelectric\QEProThermoElectricFeature.cpp(55): warning C4100: 'protocol': unreferenced formal parameter
..\..\..\..\src\vendors\OceanOptics\features\thermoelectric\QEProThermoElectricFeature.cpp(60): warning C4100: 'bus': unreferenced formal parameter
..\..\..\..\src\vendors\OceanOptics\features\thermoelectric\QEProThermoElectricFeature.cpp(60): warning C4100: 'protocol': unreferenced formal parameter
  TemperatureFeature.cpp
  StrayLightCoeffsFeature.cpp
  SpectrumProcessingFeature.cpp
  Generating Code...
z:\windows_share\oceanopticsprojects\working\seabreezeflamex\seabreeze\flamexintegration\src\vendors\oceanoptics\features\stray_light\straylightcoeffsfeature.cpp(86): warning C4702: unreachable code
z:\windows_share\oceanopticsprojects\working\seabreezeflamex\seabreeze\flamexintegration\src\vendors\oceanoptics\features\temperature\temperaturefeature.cpp(143): warning C4702: unreachable code
  Compiling...
  VentanaSpectrometerFeature.cpp
  USB4000SpectrometerFeature.cpp
  USB2000SpectrometerFeature.cpp
  USB2000PlusSpectrometerFeature.cpp
  SpectrometerTriggerMode.cpp
  SparkSpectrometerFeature.cpp
  STSSpectrometerFeature.cpp
  QEProSpectrometerFeature.cpp
  QE65000SpectrometerFeature.cpp
  ProgrammableSaturationFeatureImpl.cpp
Z:\Windows_Share\OceanOpticsProjects\working\SeaBreezeFlameX\SeaBreeze\FlameXIntegration\include\vendors/OceanOptics/features/spectrometer/ProgrammableSaturationFeatureInterface.h(44): warning C4290: C++ exception specification ignored except to indicate a function is not __declspec(nothrow)
..\..\..\..\src\vendors\OceanOptics\features\spectrometer\ProgrammableSaturationFeatureImpl.cpp(62): warning C4458: declaration of 'saturation' hides class member
  Z:\Windows_Share\OceanOpticsProjects\working\SeaBreezeFlameX\SeaBreeze\FlameXIntegration\include\vendors/OceanOptics/features/spectrometer/ProgrammableSaturationFeatureBase.h(60): note: see declaration of 'seabreeze::ProgrammableSaturationFeatureBase::saturation'
..\..\..\..\src\vendors\OceanOptics\features\spectrometer\ProgrammableSaturationFeatureImpl.cpp(69): warning C4101: 'e': unreferenced local variable
  ProgrammableSaturationFeatureBase.cpp
Z:\Windows_Share\OceanOpticsProjects\working\SeaBreezeFlameX\SeaBreeze\FlameXIntegration\include\vendors/OceanOptics/features/spectrometer/ProgrammableSaturationFeatureInterface.h(44): warning C4290: C++ exception specification ignored except to indicate a function is not __declspec(nothrow)
..\..\..\..\src\vendors\OceanOptics\features\spectrometer\ProgrammableSaturationFeatureBase.cpp(50): warning C4101: 'fe': unreferenced local variable
  ProgrammableSaturationFeature.cpp
Z:\Windows_Share\OceanOpticsProjects\working\SeaBreezeFlameX\SeaBreeze\FlameXIntegration\include\vendors/OceanOptics/features/spectrometer/ProgrammableSaturationFeatureInterface.h(44): warning C4290: C++ exception specification ignored except to indicate a function is not __declspec(nothrow)
  OOISpectrometerFeature.cpp
  NIRQuestSpectrometerFeature.cpp
  NIRQuest512SpectrometerFeature.cpp
  NIRQuest256SpectrometerFeature.cpp
  MayaLSLSpectrometerFeature.cpp
  Maya2000SpectrometerFeature.cpp
  Maya2000ProSpectrometerFeature.cpp
  JazSpectrometerFeature.cpp
  Generating Code...
  Compiling...
  HR4000SpectrometerFeature.cpp
  HR2000SpectrometerFeature.cpp
  HR2000PlusSpectrometerFeature.cpp
  GainAdjustedSpectrometerFeature.cpp
..\..\..\..\src\vendors\OceanOptics\features\spectrometer\GainAdjustedSpectrometerFeature.cpp(55): warning C4101: 'fe': unreferenced local variable
  FlameNIRSpectrometerFeature.cpp
  FlameXSpectrometerFeature.cpp
  ApexSpectrometerFeature.cpp
  ShutterFeature.cpp
  SerialNumberFeature.cpp
  RevisionFeature.cpp
  RawUSBBusAccessFeature.cpp
  STSPixelBinningFeature.cpp
..\..\..\..\src\vendors\OceanOptics\features\pixel_binning\STSPixelBinningFeature.cpp(249): warning C4100: 'bus': unreferenced formal parameter
..\..\..\..\src\vendors\OceanOptics\features\pixel_binning\STSPixelBinningFeature.cpp(249): warning C4100: 'protocol': unreferenced formal parameter
  PixelBinningFeatureInterface.cpp
  OpticalBenchFeature.cpp
  NonlinearityCoeffsFeature.cpp
  VentanaLightSourceFeature.cpp
  StrobeLampFeature.cpp
  LightSourceFeatureImpl.cpp
..\..\..\..\src\vendors\OceanOptics\features\light_source\LightSourceFeatureImpl.cpp(48): warning C4100: 'bus': unreferenced formal parameter
..\..\..\..\src\vendors\OceanOptics\features\light_source\LightSourceFeatureImpl.cpp(47): warning C4100: 'protocol': unreferenced formal parameter
  LightSourceFeatureBase.cpp
  IrradCalFeature.cpp
  Generating Code...
z:\windows_share\oceanopticsprojects\working\seabreezeflamex\seabreeze\flamexintegration\src\vendors\oceanoptics\features\nonlinearity\nonlinearitycoeffsfeature.cpp(86): warning C4702: unreachable code
  Compiling...
  IntrospectionFeature.cpp
  FPGARegisterFeature.cpp
  WavelengthEEPROMSlotFeature_QE65000.cpp
  WavelengthEEPROMSlotFeature.cpp
  StrayLightEEPROMSlotFeature.cpp
  SerialNumberEEPROMSlotFeature.cpp
..\..\..\..\src\vendors\OceanOptics\features\eeprom_slots\SerialNumberEEPROMSlotFeature.cpp(92): warning C4100: 'bus': unreferenced formal parameter
..\..\..\..\src\vendors\OceanOptics\features\eeprom_slots\SerialNumberEEPROMSlotFeature.cpp(91): warning C4100: 'protocol': unreferenced formal parameter
  SaturationEEPROMSlotFeature_NIRQuest.cpp
Z:\Windows_Share\OceanOpticsProjects\working\SeaBreezeFlameX\SeaBreeze\FlameXIntegration\include\vendors/OceanOptics/features/spectrometer/ProgrammableSaturationFeatureInterface.h(44): warning C4290: C++ exception specification ignored except to indicate a function is not __declspec(nothrow)
..\..\..\..\src\vendors\OceanOptics\features\eeprom_slots\SaturationEEPROMSlotFeature_NIRQuest.cpp(47): warning C4458: declaration of 'saturation' hides class member
  Z:\Windows_Share\OceanOpticsProjects\working\SeaBreezeFlameX\SeaBreeze\FlameXIntegration\include\vendors/OceanOptics/features/eeprom_slots/SaturationEEPROMSlotFeatureBase.h(61): note: see declaration of 'seabreeze::SaturationEEPROMSlotFeatureBase::saturation'
  SaturationEEPROMSlotFeature_MayaPro.cpp
Z:\Windows_Share\OceanOpticsProjects\working\SeaBreezeFlameX\SeaBreeze\FlameXIntegration\include\vendors/OceanOptics/features/spectrometer/ProgrammableSaturationFeatureInterface.h(44): warning C4290: C++ exception specification ignored except to indicate a function is not __declspec(nothrow)
..\..\..\..\src\vendors\OceanOptics\features\eeprom_slots\SaturationEEPROMSlotFeature_MayaPro.cpp(47): warning C4458: declaration of 'saturation' hides class member
  Z:\Windows_Share\OceanOpticsProjects\working\SeaBreezeFlameX\SeaBreeze\FlameXIntegration\include\vendors/OceanOptics/features/eeprom_slots/SaturationEEPROMSlotFeatureBase.h(61): note: see declaration of 'seabreeze::SaturationEEPROMSlotFeatureBase::saturation'
  SaturationEEPROMSlotFeatureBase.cpp
Z:\Windows_Share\OceanOpticsProjects\working\SeaBreezeFlameX\SeaBreeze\FlameXIntegration\include\vendors/OceanOptics/features/spectrometer/ProgrammableSaturationFeatureInterface.h(44): warning C4290: C++ exception specification ignored except to indicate a function is not __declspec(nothrow)
..\..\..\..\src\vendors\OceanOptics\features\eeprom_slots\SaturationEEPROMSlotFeatureBase.cpp(48): warning C4101: 'fe': unreferenced local variable
  SaturationEEPROMSlotFeature.cpp
Z:\Windows_Share\OceanOpticsProjects\working\SeaBreezeFlameX\SeaBreeze\FlameXIntegration\include\vendors/OceanOptics/features/spectrometer/ProgrammableSaturationFeatureInterface.h(44): warning C4290: C++ exception specification ignored except to indicate a function is not __declspec(nothrow)
..\..\..\..\src\vendors\OceanOptics\features\eeprom_slots\SaturationEEPROMSlotFeature.cpp(47): warning C4458: declaration of 'saturation' hides class member
  Z:\Windows_Share\OceanOpticsProjects\working\SeaBreezeFlameX\SeaBreeze\FlameXIntegration\include\vendors/OceanOptics/features/eeprom_slots/SaturationEEPROMSlotFeatureBase.h(61): note: see declaration of 'seabreeze::SaturationEEPROMSlotFeatureBase::saturation'
  NonlinearityEEPROMSlotFeature.cpp
  EEPROMSlotFeatureBase.cpp
..\..\..\..\src\vendors\OceanOptics\features\eeprom_slots\EEPROMSlotFeatureBase.cpp(142): warning C4996: 'strncpy': This function or variable may be unsafe. Consider using strncpy_s instead. To disable deprecation, use _CRT_SECURE_NO_WARNINGS. See online help for details.
  C:\Program Files (x86)\Windows Kits\10\Include\10.0.10240.0\ucrt\string.h(346): note: see declaration of 'strncpy'
..\..\..\..\src\vendors\OceanOptics\features\eeprom_slots\EEPROMSlotFeatureBase.cpp(187): warning C4996: 'strncpy': This function or variable may be unsafe. Consider using strncpy_s instead. To disable deprecation, use _CRT_SECURE_NO_WARNINGS. See online help for details.
  C:\Program Files (x86)\Windows Kits\10\Include\10.0.10240.0\ucrt\string.h(346): note: see declaration of 'strncpy'
  EEPROMSlotFeature.cpp
  QEProDataBufferFeature.cpp
  DataBufferFeatureBase.cpp
  ContinuousStrobeFeature_FPGA.cpp
..\..\..\..\src\vendors\OceanOptics\features\continuous_strobe\ContinuousStrobeFeature_FPGA.cpp(59): warning C4100: 'protocol': unreferenced formal parameter
..\..\..\..\src\vendors\OceanOptics\features\continuous_strobe\ContinuousStrobeFeature_FPGA.cpp(112): warning C4100: 'strobe_id': unreferenced formal parameter
..\..\..\..\src\vendors\OceanOptics\features\continuous_strobe\ContinuousStrobeFeature_FPGA.cpp(111): warning C4100: 'protocol': unreferenced formal parameter
  ContinuousStrobeFeature.cpp
  STSAcquisitionDelayFeature.cpp
..\..\..\..\src\vendors\OceanOptics\features\acquisition_delay\STSAcquisitionDelayFeature.cpp(53): warning C4100: 'bus': unreferenced formal parameter
..\..\..\..\src\vendors\OceanOptics\features\acquisition_delay\STSAcquisitionDelayFeature.cpp(53): warning C4100: 'protocol': unreferenced formal parameter
..\..\..\..\src\vendors\OceanOptics\features\acquisition_delay\STSAcquisitionDelayFeature.cpp(59): warning C4100: 'bus': unreferenced formal parameter
..\..\..\..\src\vendors\OceanOptics\features\acquisition_delay\STSAcquisitionDelayFeature.cpp(59): warning C4100: 'protocol': unreferenced formal parameter
..\..\..\..\src\vendors\OceanOptics\features\acquisition_delay\STSAcquisitionDelayFeature.cpp(65): warning C4100: 'bus': unreferenced formal parameter
..\..\..\..\src\vendors\OceanOptics\features\acquisition_delay\STSAcquisitionDelayFeature.cpp(65): warning C4100: 'protocol': unreferenced formal parameter
  AcquisitionDelayFeature_FPGA.cpp
..\..\..\..\src\vendors\OceanOptics\features\acquisition_delay\AcquisitionDelayFeature_FPGA.cpp(109): warning C4100: 'bus': unreferenced formal parameter
..\..\..\..\src\vendors\OceanOptics\features\acquisition_delay\AcquisitionDelayFeature_FPGA.cpp(109): warning C4100: 'protocol': unreferenced formal parameter
..\..\..\..\src\vendors\OceanOptics\features\acquisition_delay\AcquisitionDelayFeature_FPGA.cpp(115): warning C4100: 'bus': unreferenced formal parameter
..\..\..\..\src\vendors\OceanOptics\features\acquisition_delay\AcquisitionDelayFeature_FPGA.cpp(115): warning C4100: 'protocol': unreferenced formal parameter
..\..\..\..\src\vendors\OceanOptics\features\acquisition_delay\AcquisitionDelayFeature_FPGA.cpp(121): warning C4100: 'bus': unreferenced formal parameter
..\..\..\..\src\vendors\OceanOptics\features\acquisition_delay\AcquisitionDelayFeature_FPGA.cpp(121): warning C4100: 'protocol': unreferenced formal parameter
  AcquisitionDelayFeature.cpp
..\..\..\..\src\vendors\OceanOptics\features\acquisition_delay\AcquisitionDelayFeature.cpp(95): warning C4100: 'bus': unreferenced formal parameter
..\..\..\..\src\vendors\OceanOptics\features\acquisition_delay\AcquisitionDelayFeature.cpp(95): warning C4100: 'protocol': unreferenced formal parameter
  Generating Code...
z:\windows_share\oceanopticsprojects\working\seabreezeflamex\seabreeze\flamexintegration\src\vendors\oceanoptics\features\introspection\introspectionfeature.cpp(121): warning C4702: unreachable code
z:\windows_share\oceanopticsprojects\working\seabreezeflamex\seabreeze\flamexintegration\src\vendors\oceanoptics\features\introspection\introspectionfeature.cpp(153): warning C4702: unreachable code
z:\windows_share\oceanopticsprojects\working\seabreezeflamex\seabreeze\flamexintegration\src\vendors\oceanoptics\features\introspection\introspectionfeature.cpp(185): warning C4702: unreachable code
  Compiling...
  Ventana.cpp
  USB4000.cpp
..\..\..\..\src\vendors\OceanOptics\devices\USB4000.cpp(101): warning C4458: declaration of 'protocols' hides class member
  Z:\Windows_Share\OceanOpticsProjects\working\SeaBreezeFlameX\SeaBreeze\FlameXIntegration\include\common/devices/Device.h(103): note: see declaration of 'seabreeze::Device::protocols'
  USB2000Plus.cpp
..\..\..\..\src\vendors\OceanOptics\devices\USB2000Plus.cpp(105): warning C4458: declaration of 'protocols' hides class member
  Z:\Windows_Share\OceanOpticsProjects\working\SeaBreezeFlameX\SeaBreeze\FlameXIntegration\include\common/devices/Device.h(103): note: see declaration of 'seabreeze::Device::protocols'
  USB2000.cpp
..\..\..\..\src\vendors\OceanOptics\devices\USB2000.cpp(93): warning C4458: declaration of 'protocols' hides class member
  Z:\Windows_Share\OceanOpticsProjects\working\SeaBreezeFlameX\SeaBreeze\FlameXIntegration\include\common/devices/Device.h(103): note: see declaration of 'seabreeze::Device::protocols'
  Torus.cpp
..\..\..\..\src\vendors\OceanOptics\devices\Torus.cpp(98): warning C4458: declaration of 'protocols' hides class member
  Z:\Windows_Share\OceanOpticsProjects\working\SeaBreezeFlameX\SeaBreeze\FlameXIntegration\include\common/devices/Device.h(103): note: see declaration of 'seabreeze::Device::protocols'
  Spark.cpp
..\..\..\..\src\vendors\OceanOptics\devices\Spark.cpp(152): warning C4458: declaration of 'protocols' hides class member
  Z:\Windows_Share\OceanOpticsProjects\working\SeaBreezeFlameX\SeaBreeze\FlameXIntegration\include\common/devices/Device.h(103): note: see declaration of 'seabreeze::Device::protocols'
  STS.cpp
..\..\..\..\src\vendors\OceanOptics\devices\STS.cpp(176): warning C4458: declaration of 'protocols' hides class member
  Z:\Windows_Share\OceanOpticsProjects\working\SeaBreezeFlameX\SeaBreeze\FlameXIntegration\include\common/devices/Device.h(103): note: see declaration of 'seabreeze::Device::protocols'
  QEPro.cpp
..\..\..\..\src\vendors\OceanOptics\devices\QEPro.cpp(128): warning C4458: declaration of 'protocols' hides class member
  Z:\Windows_Share\OceanOpticsProjects\working\SeaBreezeFlameX\SeaBreeze\FlameXIntegration\include\common/devices/Device.h(103): note: see declaration of 'seabreeze::Device::protocols'
  QE65000.cpp
..\..\..\..\src\vendors\OceanOptics\devices\QE65000.cpp(104): warning C4458: declaration of 'protocols' hides class member
  Z:\Windows_Share\OceanOpticsProjects\working\SeaBreezeFlameX\SeaBreeze\FlameXIntegration\include\common/devices/Device.h(103): note: see declaration of 'seabreeze::Device::protocols'
  NIRQuest512.cpp
..\..\..\..\src\vendors\OceanOptics\devices\NIRQuest512.cpp(109): warning C4458: declaration of 'protocols' hides class member
  Z:\Windows_Share\OceanOpticsProjects\working\SeaBreezeFlameX\SeaBreeze\FlameXIntegration\include\common/devices/Device.h(103): note: see declaration of 'seabreeze::Device::protocols'
  NIRQuest256.cpp
..\..\..\..\src\vendors\OceanOptics\devices\NIRQuest256.cpp(109): warning C4458: declaration of 'protocols' hides class member
  Z:\Windows_Share\OceanOpticsProjects\working\SeaBreezeFlameX\SeaBreeze\FlameXIntegration\include\common/devices/Device.h(103): note: see declaration of 'seabreeze::Device::protocols'
  MayaLSL.cpp
..\..\..\..\src\vendors\OceanOptics\devices\MayaLSL.cpp(101): warning C4458: declaration of 'protocols' hides class member
  Z:\Windows_Share\OceanOpticsProjects\working\SeaBreezeFlameX\SeaBreeze\FlameXIntegration\include\common/devices/Device.h(103): note: see declaration of 'seabreeze::Device::protocols'
  Maya2000Pro.cpp
..\..\..\..\src\vendors\OceanOptics\devices\Maya2000Pro.cpp(101): warning C4458: declaration of 'protocols' hides class member
  Z:\Windows_Share\OceanOpticsProjects\working\SeaBreezeFlameX\SeaBreeze\FlameXIntegration\include\common/devices/Device.h(103): note: see declaration of 'seabreeze::Device::protocols'
  Maya2000.cpp
..\..\..\..\src\vendors\OceanOptics\devices\Maya2000.cpp(102): warning C4458: declaration of 'protocols' hides class member
  Z:\Windows_Share\OceanOpticsProjects\working\SeaBreezeFlameX\SeaBreeze\FlameXIntegration\include\common/devices/Device.h(103): note: see declaration of 'seabreeze::Device::protocols'
  Jaz.cpp
..\..\..\..\src\vendors\OceanOptics\devices\Jaz.cpp(95): warning C4458: declaration of 'protocols' hides class member
  Z:\Windows_Share\OceanOpticsProjects\working\SeaBreezeFlameX\SeaBreeze\FlameXIntegration\include\common/devices/Device.h(103): note: see declaration of 'seabreeze::Device::protocols'
  HR4000.cpp
..\..\..\..\src\vendors\OceanOptics\devices\HR4000.cpp(96): warning C4458: declaration of 'protocols' hides class member
  Z:\Windows_Share\OceanOpticsProjects\working\SeaBreezeFlameX\SeaBreeze\FlameXIntegration\include\common/devices/Device.h(103): note: see declaration of 'seabreeze::Device::protocols'
  HR2000Plus.cpp
..\..\..\..\src\vendors\OceanOptics\devices\HR2000Plus.cpp(96): warning C4458: declaration of 'protocols' hides class member
  Z:\Windows_Share\OceanOpticsProjects\working\SeaBreezeFlameX\SeaBreeze\FlameXIntegration\include\common/devices/Device.h(103): note: see declaration of 'seabreeze::Device::protocols'
  HR2000.cpp
..\..\..\..\src\vendors\OceanOptics\devices\HR2000.cpp(85): warning C4458: declaration of 'protocols' hides class member
  Z:\Windows_Share\OceanOpticsProjects\working\SeaBreezeFlameX\SeaBreeze\FlameXIntegration\include\common/devices/Device.h(103): note: see declaration of 'seabreeze::Device::protocols'
  FlameNIR.cpp
..\..\..\..\src\vendors\OceanOptics\devices\FlameNIR.cpp(105): warning C4458: declaration of 'protocols' hides class member
  Z:\Windows_Share\OceanOpticsProjects\working\SeaBreezeFlameX\SeaBreeze\FlameXIntegration\include\common/devices/Device.h(103): note: see declaration of 'seabreeze::Device::protocols'
  FlameX.cpp
..\..\..\..\src\vendors\OceanOptics\devices\FlameX.cpp(121): warning C4458: declaration of 'protocols' hides class member
  Z:\Windows_Share\OceanOpticsProjects\working\SeaBreezeFlameX\SeaBreeze\FlameXIntegration\include\common/devices/Device.h(103): note: see declaration of 'seabreeze::Device::protocols'
  Generating Code...
  Compiling...
  Apex.cpp
..\..\..\..\src\vendors\OceanOptics\devices\Apex.cpp(90): warning C4458: declaration of 'protocols' hides class member
  Z:\Windows_Share\OceanOpticsProjects\working\SeaBreezeFlameX\SeaBreeze\FlameXIntegration\include\common/devices/Device.h(103): note: see declaration of 'seabreeze::Device::protocols'
  VentanaUSB.cpp
  USB4000USB.cpp
  USB2000USB.cpp
  USB2000PlusUSB.cpp
  TorusUSB.cpp
  SparkUSB.cpp
  STSUSB.cpp
  QEProUSB.cpp
  QE65000USB.cpp
  OOIUSBTrivialTransferHelper.cpp
  OOIUSBSpectrumTransferHelper.cpp
  OOIUSBInterface.cpp
  OOIUSBEndpointMaps.cpp
  OOIUSBControlTransferHelper.cpp
  OOIUSB4KSpectrumTransferHelper.cpp
  NIRQuest512USB.cpp
  NIRQuest256USB.cpp
  MayaLSLUSB.cpp
  Maya2000USB.cpp
  Generating Code...
  Compiling...
  Maya2000ProUSB.cpp
  JazUSB.cpp
  HR4000USB.cpp
  HR2000USB.cpp
  HR2000PlusUSB.cpp
  FlameNIRUSB.cpp
  FlameXUSBTransferHelper.cpp
..\..\..\..\src\vendors\OceanOptics\buses\usb\FlameXUSBTransferHelper.cpp(61): warning C4244: 'argument': conversion from 'int' to 'char', possible loss of data
..\..\..\..\src\vendors\OceanOptics\buses\usb\FlameXUSBTransferHelper.cpp(63): warning C4244: 'argument': conversion from 'int' to 'char', possible loss of data
  FlameXUSB.cpp
  ApexUSB.cpp
  OOIRS232Interface.cpp
..\..\..\..\src\vendors\OceanOptics\buses\rs232\OOIRS232Interface.cpp(70): warning C4100: 'hints': unreferenced formal parameter
  JazTCPIPv4.cpp
  FlameXTCPIPv4.cpp
  USBDiscovery.cpp
  USB.cpp
..\..\..\..\src\native\usb\USB.cpp(324): warning C4996: 'sprintf': This function or variable may be unsafe. Consider using sprintf_s instead. To disable deprecation, use _CRT_SECURE_NO_WARNINGS. See online help for details.
  C:\Program Files (x86)\Windows Kits\10\Include\10.0.10240.0\ucrt\stdio.h(1769): note: see declaration of 'sprintf'
..\..\..\..\src\native\usb\USB.cpp(326): warning C4996: 'sprintf': This function or variable may be unsafe. Consider using sprintf_s instead. To disable deprecation, use _CRT_SECURE_NO_WARNINGS. See online help for details.
  C:\Program Files (x86)\Windows Kits\10\Include\10.0.10240.0\ucrt\stdio.h(1769): note: see declaration of 'sprintf'
..\..\..\..\src\native\usb\USB.cpp(329): warning C4996: 'sprintf': This function or variable may be unsafe. Consider using sprintf_s instead. To disable deprecation, use _CRT_SECURE_NO_WARNINGS. See online help for details.
  C:\Program Files (x86)\Windows Kits\10\Include\10.0.10240.0\ucrt\stdio.h(1769): note: see declaration of 'sprintf'
  System.cpp
  RS232.cpp
..\..\..\..\src\native\rs232\RS232.cpp(224): warning C4996: 'sprintf': This function or variable may be unsafe. Consider using sprintf_s instead. To disable deprecation, use _CRT_SECURE_NO_WARNINGS. See online help for details.
  C:\Program Files (x86)\Windows Kits\10\Include\10.0.10240.0\ucrt\stdio.h(1769): note: see declaration of 'sprintf'
..\..\..\..\src\native\rs232\RS232.cpp(226): warning C4996: 'sprintf': This function or variable may be unsafe. Consider using sprintf_s instead. To disable deprecation, use _CRT_SECURE_NO_WARNINGS. See online help for details.
  C:\Program Files (x86)\Windows Kits\10\Include\10.0.10240.0\ucrt\stdio.h(1769): note: see declaration of 'sprintf'
..\..\..\..\src\native\rs232\RS232.cpp(229): warning C4996: 'sprintf': This function or variable may be unsafe. Consider using sprintf_s instead. To disable deprecation, use _CRT_SECURE_NO_WARNINGS. See online help for details.
  C:\Program Files (x86)\Windows Kits\10\Include\10.0.10240.0\ucrt\stdio.h(1769): note: see declaration of 'sprintf'
  NativeSocketWindows.cpp
..\..\..\..\src\native\network\windows\NativeSocketWindows.cpp(43): warning C4245: '=': conversion from 'int' to 'SOCKET', signed/unsigned mismatch
..\..\..\..\src\native\network\windows\NativeSocketWindows.cpp(64): warning C4244: 'argument': conversion from 'int' to 'u_short', possible loss of data
..\..\..\..\src\native\network\windows\NativeSocketWindows.cpp(69): warning C4245: '=': conversion from 'int' to 'SOCKET', signed/unsigned mismatch
..\..\..\..\src\native\network\windows\NativeSocketWindows.cpp(93): warning C4244: 'argument': conversion from 'int' to 'char', possible loss of data
..\..\..\..\src\native\network\windows\NativeSocketWindows.cpp(88): warning C4996: 'gethostbyname': Use getaddrinfo() or GetAddrInfoW() instead or define _WINSOCK_DEPRECATED_NO_WARNINGS to disable deprecated API warnings
  C:\Program Files (x86)\Windows Kits\8.1\Include\um\winsock2.h(2238): note: see declaration of 'gethostbyname'
..\..\..\..\src\native\network\windows\NativeSocketWindows.cpp(110): warning C4245: '=': conversion from 'int' to 'SOCKET', signed/unsigned mismatch
..\..\..\..\src\native\network\windows\NativeSocketWindows.cpp(168): warning C4244: '=': conversion from 'int' to 'u_short', possible loss of data
  UnknownHostException.cpp
  SocketTimeoutException.cpp
  SocketException.cpp
  Generating Code...
  Compiling...
  Inet4Address.cpp
..\..\..\..\src\native\network\Inet4Address.cpp(52): warning C4996: 'inet_addr': Use inet_pton() or InetPton() instead or define _WINSOCK_DEPRECATED_NO_WARNINGS to disable deprecated API warnings
  C:\Program Files (x86)\Windows Kits\8.1\Include\um\winsock2.h(1850): note: see declaration of 'inet_addr'
..\..\..\..\src\native\network\Inet4Address.cpp(77): warning C4996: 'inet_ntoa': Use inet_ntop() or InetNtop() instead or define _WINSOCK_DEPRECATED_NO_WARNINGS to disable deprecated API warnings
  C:\Program Files (x86)\Windows Kits\8.1\Include\um\winsock2.h(1868): note: see declaration of 'inet_ntoa'
  Transfer.cpp
  Transaction.cpp
  ProtocolHint.cpp
  ProtocolHelper.cpp
  ProtocolFamily.cpp
  Protocol.cpp
  Exchange.cpp
  FeatureImpl.cpp
..\..\..\..\src\common\features\FeatureImpl.cpp(54): warning C4100: 'bus': unreferenced formal parameter
..\..\..\..\src\common\features\FeatureImpl.cpp(54): warning C4100: 'protocol': unreferenced formal parameter
  FeatureFamily.cpp
  ProtocolTransactionException.cpp
  ProtocolFormatException.cpp
  ProtocolException.cpp
  ProtocolBusMismatchException.cpp
  NumberFormatException.cpp
  IllegalArgumentException.cpp
  FeatureProtocolNotFoundException.cpp
  FeatureException.cpp
  FeatureControlException.cpp
  BusTransferException.cpp
  Generating Code...
z:\windows_share\oceanopticsprojects\working\seabreezeflamex\seabreeze\flamexintegration\src\common\protocols\transfer.cpp(118): warning C4702: unreachable code
  Compiling...
  BusException.cpp
  BusConnectException.cpp
  Device.cpp
..\..\..\..\src\common\devices\Device.cpp(138): warning C4458: declaration of 'protocols' hides class member
  Z:\Windows_Share\OceanOpticsProjects\working\SeaBreezeFlameX\SeaBreeze\FlameXIntegration\include\common/devices/Device.h(103): note: see declaration of 'seabreeze::Device::protocols'
..\..\..\..\src\common\devices\Device.cpp(162): warning C4458: declaration of 'buses' hides class member
  Z:\Windows_Share\OceanOpticsProjects\working\SeaBreezeFlameX\SeaBreeze\FlameXIntegration\include\common/devices/Device.h(101): note: see declaration of 'seabreeze::Device::buses'
  USBTransferHelper.cpp
  USBInterface.cpp
  USBDeviceLocator.cpp
..\..\..\..\src\common\buses\usb\USBDeviceLocator.cpp(81): warning C4996: '_snprintf': This function or variable may be unsafe. Consider using _snprintf_s instead. To disable deprecation, use _CRT_SECURE_NO_WARNINGS. See online help for details.
  C:\Program Files (x86)\Windows Kits\10\Include\10.0.10240.0\ucrt\stdio.h(1952): note: see declaration of '_snprintf'
  RS232TransferHelper.cpp
  RS232Interface.cpp
  RS232DeviceLocator.cpp
..\..\..\..\src\common\buses\rs232\RS232DeviceLocator.cpp(107): warning C4996: '_snprintf': This function or variable may be unsafe. Consider using _snprintf_s instead. To disable deprecation, use _CRT_SECURE_NO_WARNINGS. See online help for details.
  C:\Program Files (x86)\Windows Kits\10\Include\10.0.10240.0\ucrt\stdio.h(1952): note: see declaration of '_snprintf'
  TCPIPv4SocketTransferHelper.cpp
  TCPIPv4SocketBus.cpp
  IPv4SocketDeviceLocator.cpp
..\..\..\..\src\common\buses\network\IPv4SocketDeviceLocator.cpp(92): warning C4996: '_snprintf': This function or variable may be unsafe. Consider using _snprintf_s instead. To disable deprecation, use _CRT_SECURE_NO_WARNINGS. See online help for details.
  C:\Program Files (x86)\Windows Kits\10\Include\10.0.10240.0\ucrt\stdio.h(1952): note: see declaration of '_snprintf'
  IPv4NetworkProtocol.cpp
  TransferHelper.cpp
  DeviceLocationProberInterface.cpp
  BusFamily.cpp
  BusFamilies.cpp
  Bus.cpp
  UnitDescriptor.cpp
  UShortVector.cpp
  Generating Code...
z:\windows_share\oceanopticsprojects\working\seabreezeflamex\seabreeze\flamexintegration\src\common\devices\device.cpp(111): warning C4701: potentially uninitialized local variable 'endpoint' used
  Compiling...
  U32Vector.cpp
  Log.cpp
..\..\..\..\src\common\Log.cpp(49): warning C4100: 'func': unreferenced formal parameter
..\..\..\..\src\common\Log.cpp(96): warning C4100: 'fmt': unreferenced formal parameter
..\..\..\..\src\common\Log.cpp(108): warning C4100: 'fmt': unreferenced formal parameter
..\..\..\..\src\common\Log.cpp(120): warning C4100: 'fmt': unreferenced formal parameter
..\..\..\..\src\common\Log.cpp(132): warning C4100: 'fmt': unreferenced formal parameter
..\..\..\..\src\common\Log.cpp(144): warning C4100: 'fmt': unreferenced formal parameter
..\..\..\..\src\common\Log.cpp(202): warning C4100: 'fmt': unreferenced formal parameter
..\..\..\..\src\common\Log.cpp(215): warning C4100: 'fmt': unreferenced formal parameter
..\..\..\..\src\common\Log.cpp(228): warning C4100: 'fmt': unreferenced formal parameter
..\..\..\..\src\common\Log.cpp(241): warning C4100: 'fmt': unreferenced formal parameter
  FloatVector.cpp
  DoubleVector.cpp
  Data.cpp
  ByteVector.cpp
  ThermoElectricCoolerFeatureAdapter.cpp
..\..\..\..\src\api\seabreezeapi\ThermoElectricCoolerFeatureAdapter.cpp(102): warning C4100: 'tec_fan_enable': unreferenced formal parameter
  TemperatureFeatureAdapter.cpp
..\..\..\..\src\api\seabreezeapi\TemperatureFeatureAdapter.cpp(80): warning C4458: declaration of 'index' hides class member
  Z:\Windows_Share\OceanOpticsProjects\working\SeaBreezeFlameX\SeaBreeze\FlameXIntegration\include\api/seabreezeapi/FeatureAdapterTemplate.h(81): note: see declaration of 'seabreeze::api::FeatureAdapterTemplate<seabreeze::TemperatureFeatureInterface>::index'
  StrobeLampFeatureAdapter.cpp
  StrayLightCoeffsFeatureAdapter.cpp
  SpectrumProcessingFeatureAdapter.cpp
..\..\..\..\src\api\seabreezeapi\SpectrumProcessingFeatureAdapter.cpp(69): warning C4245: '=': conversion from 'int' to 'unsigned char', signed/unsigned mismatch
..\..\..\..\src\api\seabreezeapi\SpectrumProcessingFeatureAdapter.cpp(85): warning C4245: '=': conversion from 'int' to 'unsigned short', signed/unsigned mismatch
  SpectrometerFeatureAdapter.cpp
  ShutterFeatureAdapter.cpp
  SerialNumberFeatureAdapter.cpp
  SeaBreezeAPI.cpp
..\..\..\..\src\api\seabreezeapi\SeaBreezeAPI.cpp(176): warning C4996: '_snprintf': This function or variable may be unsafe. Consider using _snprintf_s instead. To disable deprecation, use _CRT_SECURE_NO_WARNINGS. See online help for details.
  C:\Program Files (x86)\Windows Kits\10\Include\10.0.10240.0\ucrt\stdio.h(1952): note: see declaration of '_snprintf'
  RevisionFeatureAdapter.cpp
  RawUSBBusAccessFeatureAdapter.cpp
  ProtocolFamilies.cpp
  PixelBinningFeatureAdapter.cpp
  OpticalBenchFeatureAdapter.cpp
  Generating Code...
z:\windows_share\oceanopticsprojects\working\seabreezeflamex\seabreeze\flamexintegration\src\api\seabreezeapi\spectrometerfeatureadapter.cpp(139): warning C4702: unreachable code
z:\windows_share\oceanopticsprojects\working\seabreezeflamex\seabreeze\flamexintegration\src\api\seabreezeapi\thermoelectriccoolerfeatureadapter.cpp(67): warning C4702: unreachable code
  Compiling...
  NonlinearityCoeffsFeatureAdapter.cpp
  LightSourceFeatureAdapter.cpp
  IrradCalFeatureAdapter.cpp
  FeatureFamilies.cpp
  EEPROMFeatureAdapter.cpp
  DeviceAdapter.cpp
..\..\..\..\src\api\seabreezeapi\DeviceAdapter.cpp(295): warning C4244: '=': conversion from 'int' to 'char', possible loss of data
..\..\..\..\src\api\seabreezeapi\DeviceAdapter.cpp(292): warning C4996: 'strcat': This function or variable may be unsafe. Consider using strcat_s instead. To disable deprecation, use _CRT_SECURE_NO_WARNINGS. See online help for details.
  C:\Program Files (x86)\Windows Kits\10\Include\10.0.10240.0\ucrt\string.h(90): note: see declaration of 'strcat'
  DataBufferFeatureAdapter.cpp
  ContinuousStrobeFeatureAdapter.cpp
  AcquisitionDelayFeatureAdapter.cpp
  SeaBreezeWrapper.cpp
..\..\..\..\src\api\SeaBreezeWrapper.cpp(181): warning C4456: declaration of 'iter' hides previous local declaration
  ..\..\..\..\src\api\SeaBreezeWrapper.cpp(174): note: see declaration of 'iter'
..\..\..\..\src\api\SeaBreezeWrapper.cpp(393): warning C4244: '=': conversion from 'int' to 'char', possible loss of data
..\..\..\..\src\api\SeaBreezeWrapper.cpp(380): warning C4996: 'strncpy': This function or variable may be unsafe. Consider using strncpy_s instead. To disable deprecation, use _CRT_SECURE_NO_WARNINGS. See online help for details.
  C:\Program Files (x86)\Windows Kits\10\Include\10.0.10240.0\ucrt\string.h(346): note: see declaration of 'strncpy'
..\..\..\..\src\api\SeaBreezeWrapper.cpp(390): warning C4996: 'strcat': This function or variable may be unsafe. Consider using strcat_s instead. To disable deprecation, use _CRT_SECURE_NO_WARNINGS. See online help for details.
  C:\Program Files (x86)\Windows Kits\10\Include\10.0.10240.0\ucrt\string.h(90): note: see declaration of 'strcat'
..\..\..\..\src\api\SeaBreezeWrapper.cpp(1190): warning C4100: 'tec_fan_enable': unreferenced formal parameter
..\..\..\..\src\api\SeaBreezeWrapper.cpp(1189): warning C4100: 'index': unreferenced formal parameter
..\..\..\..\src\api\SeaBreezeWrapper.cpp(1518): warning C4996: 'strncpy': This function or variable may be unsafe. Consider using strncpy_s instead. To disable deprecation, use _CRT_SECURE_NO_WARNINGS. See online help for details.
  C:\Program Files (x86)\Windows Kits\10\Include\10.0.10240.0\ucrt\string.h(346): note: see declaration of 'strncpy'
..\..\..\..\src\api\SeaBreezeWrapper.cpp(1526): warning C4996: 'strncpy': This function or variable may be unsafe. Consider using strncpy_s instead. To disable deprecation, use _CRT_SECURE_NO_WARNINGS. See online help for details.
  C:\Program Files (x86)\Windows Kits\10\Include\10.0.10240.0\ucrt\string.h(346): note: see declaration of 'strncpy'
..\..\..\..\src\api\SeaBreezeWrapper.cpp(1560): warning C4996: 'strncpy': This function or variable may be unsafe. Consider using strncpy_s instead. To disable deprecation, use _CRT_SECURE_NO_WARNINGS. See online help for details.
  C:\Program Files (x86)\Windows Kits\10\Include\10.0.10240.0\ucrt\string.h(346): note: see declaration of 'strncpy'
..\..\..\..\src\api\SeaBreezeWrapper.cpp(1733): warning C4996: 'strncpy': This function or variable may be unsafe. Consider using strncpy_s instead. To disable deprecation, use _CRT_SECURE_NO_WARNINGS. See online help for details.
  C:\Program Files (x86)\Windows Kits\10\Include\10.0.10240.0\ucrt\string.h(346): note: see declaration of 'strncpy'
..\..\..\..\src\api\SeaBreezeWrapper.cpp(1737): warning C4996: 'fopen': This function or variable may be unsafe. Consider using fopen_s instead. To disable deprecation, use _CRT_SECURE_NO_WARNINGS. See online help for details.
  C:\Program Files (x86)\Windows Kits\10\Include\10.0.10240.0\ucrt\stdio.h(205): note: see declaration of 'fopen'
  SeaBreezeAPI_Impl.cpp
..\..\..\..\src\api\seabreezeapi\SeaBreezeAPI_Impl.cpp(158): warning C4456: declaration of 'iter' hides previous local declaration
  ..\..\..\..\src\api\seabreezeapi\SeaBreezeAPI_Impl.cpp(104): note: see declaration of 'iter'
  IntrospectionFeatureAdapter.cpp
  DeviceFactory.cpp
  Generating Code...
  NativeUSBWinUSB.c
..\..\..\..\src\native\usb\winusb\NativeUSBWinUSB.c(157): warning C4244: '=': conversion from 'int' to 'unsigned short', possible loss of data
..\..\..\..\src\native\usb\winusb\NativeUSBWinUSB.c(158): warning C4244: '=': conversion from 'int' to 'unsigned short', possible loss of data
..\..\..\..\src\native\usb\winusb\NativeUSBWinUSB.c(370): warning C4057: 'function': 'PUCHAR' differs in indirection to slightly different base types from 'char *'
..\..\..\..\src\native\usb\winusb\NativeUSBWinUSB.c(371): warning C4057: 'function': 'PULONG' differs in indirection to slightly different base types from 'long *'
..\..\..\..\src\native\usb\winusb\NativeUSBWinUSB.c(388): warning C4057: 'function': 'PUCHAR' differs in indirection to slightly different base types from 'char *'
..\..\..\..\src\native\usb\winusb\NativeUSBWinUSB.c(389): warning C4057: 'function': 'PULONG' differs in indirection to slightly different base types from 'long *'
  NativeSystemWindows.c
  NativeRS232Windows.c
  Generating Code...
     Creating library Z:\Windows_Share\OceanOpticsProjects\working\SeaBreezeFlameX\SeaBreeze\FlameXIntegration\os-support\windows\VisualStudio2015\Release\SeaBreeze.lib and object Z:\Windows_Share\OceanOpticsProjects\working\SeaBreezeFlameX\SeaBreeze\FlameXIntegration\os-support\windows\VisualStudio2015\Release\SeaBreeze.exp
  SeaBreeze.vcxproj -> Z:\Windows_Share\OceanOpticsProjects\working\SeaBreezeFlameX\SeaBreeze\FlameXIntegration\os-support\windows\VisualStudio2015\Release\SeaBreeze.dll
  A subdirectory or file ..\..\..\..\lib already exists.
  ..\Release\SeaBreeze.dll
  ..\Release\SeaBreeze.exp
  ..\Release\SeaBreeze.ilk
  ..\Release\SeaBreeze.lib
          4 file(s) copied.
